

-------------------------------------------------
CS240 Midterm 1: exponent. ifransig   
Tue Feb 23 16:21:05 EST 2016
-------------------------------------------------
task14 2 3                          : 4   of 4  
task14 5 9                          : 4   of 4  
task14 0 3                          : 4   of 4  
task14 5 20                         : 4   of 4  
task14 8 3                          : 4   of 4  
-------------------------------------------------
CS240 - Midterm 1: exponent. ifransig Tue Feb 23 16:21:05 EST 2016  Total:  20 of 20



-------------------------------------------------
CS240 Midterm 1: exponent. ifransig   
Tue Feb 23 16:37:55 EST 2016
-------------------------------------------------
task14 2 3                          : 4   of 4  
task14 5 9                          : 4   of 4  
task14 0 3                          : 4   of 4  
task14 5 20                         : 4   of 4  
task14 8 3                          : 4   of 4  
-------------------------------------------------
CS240 - Midterm 1: exponent. ifransig Tue Feb 23 16:37:55 EST 2016  Total:  20 of 20



-------------------------------------------------
CS240 Midterm 1: exponent. ifransig   
Tue Feb 23 16:39:01 EST 2016
-------------------------------------------------
task14 2 3                          : 4   of 4  
task14 5 9                          : 4   of 4  
task14 0 3                          : 4   of 4  
task14 5 20                         : 4   of 4  
task14 8 3                          : 4   of 4  
-------------------------------------------------
CS240 - Midterm 1: exponent. ifransig Tue Feb 23 16:39:01 EST 2016  Total:  20 of 20



-------------------------------------------------
CS240 Midterm 1: exponent. cs240   
Mon Jan 30 22:26:59 EST 2017
-------------------------------------------------
task14 2 3                          : 0   of 4  
task14 5 9                          : 0   of 4  
-------------------------------------------------
CS240 - Midterm 1: exponent. cs240 Mon Jan 30 22:26:59 EST 2017  Total:  0 of 20



-------------------------------------------------
CS240 Midterm 1: exponent. cs240   
Mon Jan 30 22:27:44 EST 2017
-------------------------------------------------
task14 2 3                          : 0   of 4  
task14 5 9                          : 0   of 4  
-------------------------------------------------
CS240 - Midterm 1: exponent. cs240 Mon Jan 30 22:27:44 EST 2017  Total:  0 of 20



-------------------------------------------------
CS240 Midterm 1: exponent. cs240   
Mon Jan 30 22:30:34 EST 2017
-------------------------------------------------
task14 2 3                          : 0   of 4  
task14 5 9                          : 0   of 4  
-------------------------------------------------
CS240 - Midterm 1: exponent. cs240 Mon Jan 30 22:30:34 EST 2017  Total:  0 of 20



-------------------------------------------------
CS240 Midterm 1: exponent. cs240   
Mon Jan 30 22:37:46 EST 2017
-------------------------------------------------
task14 2 3                          : 0   of 4  
task14 5 9                          : 0   of 4  
-------------------------------------------------
CS240 - Midterm 1: exponent. cs240 Mon Jan 30 22:37:46 EST 2017  Total:  0 of 20



-------------------------------------------------
CS240 Midterm 1: exponent. cs240   
Mon Jan 30 22:40:43 EST 2017
-------------------------------------------------
task14 2 3                          : 0   of 4  
task14 5 9                          : 0   of 4  
-------------------------------------------------
CS240 - Midterm 1: exponent. cs240 Mon Jan 30 22:40:43 EST 2017  Total:  0 of 20



-------------------------------------------------
CS240 Midterm 1: exponent. cs240   
Mon Jan 30 22:41:11 EST 2017
-------------------------------------------------
task14 2 3                          : 0   of 4  
task14 5 9                          : 0   of 4  
-------------------------------------------------
CS240 - Midterm 1: exponent. cs240 Mon Jan 30 22:41:11 EST 2017  Total:  0 of 20



-------------------------------------------------
CS240 Midterm 1: exponent. cs240   
Mon Jan 30 22:41:45 EST 2017
-------------------------------------------------
task14 2 3                          : 0   of 4  
task14 5 9                          : 0   of 4  
-------------------------------------------------
CS240 - Midterm 1: exponent. cs240 Mon Jan 30 22:41:45 EST 2017  Total:  0 of 20



-------------------------------------------------
CS240 Midterm 1: exponent. cs240   
Mon Jan 30 22:42:29 EST 2017
-------------------------------------------------
task14 2 3                          : 0   of 4  
task14 5 9                          : 0   of 4  
-------------------------------------------------
CS240 - Midterm 1: exponent. cs240 Mon Jan 30 22:42:29 EST 2017  Total:  0 of 20



-------------------------------------------------
CS240 Midterm 1: exponent. cs240   
Mon Jan 30 22:42:49 EST 2017
-------------------------------------------------
task14 2 3                          : 0   of 4  
task14 5 9                          : 0   of 4  
-------------------------------------------------
CS240 - Midterm 1: exponent. cs240 Mon Jan 30 22:42:49 EST 2017  Total:  0 of 20



-------------------------------------------------
CS240 Midterm 1: exponent. fshafi   
Sun Feb  5 13:48:03 EST 2017
-------------------------------------------------
task14 2 3                          : 4   of 4  
task14 5 9                          : 4   of 4  
task14 0 3                          : 4   of 4  
task14 5 20                         : 4   of 4  
task14 8 3                          : 4   of 4  
-------------------------------------------------
CS240 - Midterm 1: exponent. fshafi Sun Feb 5 13:48:03 EST 2017  Total:  20 of 20



-------------------------------------------------
CS240 Midterm 1: exponent. fshafi   
Sun Feb  5 13:49:09 EST 2017
-------------------------------------------------
task14 2 3                          : 4   of 4  
task14 5 9                          : 4   of 4  
task14 0 3                          : 4   of 4  
task14 5 20                         : 4   of 4  
task14 8 3                          : 4   of 4  
-------------------------------------------------
CS240 - Midterm 1: exponent. fshafi Sun Feb 5 13:49:09 EST 2017  Total:  20 of 20



-------------------------------------------------
CS240 Midterm 1: exponent. fshafi   
Sun Feb  5 15:18:06 EST 2017
-------------------------------------------------
task14 2 3                          : 4   of 4  
task14 5 9                          : 4   of 4  
task14 0 3                          : 4   of 4  
task14 5 20                         : 4   of 4  
task14 8 3                          : 4   of 4  
-------------------------------------------------
CS240 - Midterm 1: exponent. fshafi Sun Feb 5 15:18:06 EST 2017  Total:  20 of 20



-------------------------------------------------
CS240 Midterm 1: exponent. fshafi   
Sun Feb  5 17:55:59 EST 2017
-------------------------------------------------
task14 2 3                          : 4   of 4  
task14 5 9                          : 4   of 4  
task14 0 3                          : 4   of 4  
task14 5 20                         : 4   of 4  
task14 8 3                          : 4   of 4  
-------------------------------------------------
CS240 - Midterm 1: exponent. fshafi Sun Feb 5 17:55:59 EST 2017  Total:  20 of 20



-------------------------------------------------
CS240 Midterm 1: exponent. fshafi   
Mon Feb  6 14:23:33 EST 2017
-------------------------------------------------
task14 2 3                          : 4   of 4  
task14 5 9                          : 4   of 4  
task14 0 3                          : 4   of 4  
task14 5 20                         : 4   of 4  
task14 8 3                          : 4   of 4  
-------------------------------------------------
CS240 - Midterm 1: exponent. fshafi Mon Feb 6 14:23:33 EST 2017  Total:  20 of 20



-------------------------------------------------
CS240 Midterm 1: exponent. fshafi   
Mon Feb  6 14:31:13 EST 2017
-------------------------------------------------
task14 2 3                          : 4   of 4  
task14 5 9                          : 4   of 4  
task14 0 3                          : 4   of 4  
task14 5 20                         : 4   of 4  
task14 8 3                          : 4   of 4  
-------------------------------------------------
CS240 - Midterm 1: exponent. fshafi Mon Feb 6 14:31:13 EST 2017  Total:  20 of 20



-------------------------------------------------
CS240 Midterm 1: exponent. fshafi   
Mon Feb  6 14:31:47 EST 2017
-------------------------------------------------
task14 2 3                          : 4   of 4  
task14 5 9                          : 4   of 4  
task14 0 3                          : 4   of 4  
task14 5 20                         : 4   of 4  
task14 8 3                          : 4   of 4  
-------------------------------------------------
CS240 - Midterm 1: exponent. fshafi Mon Feb 6 14:31:47 EST 2017  Total:  20 of 20



-------------------------------------------------
CS240 Midterm 1: exponent. fshafi   
Tue Feb  7 16:43:59 EST 2017
-------------------------------------------------
task14 2 3                          : 4   of 4  
task14 5 9                          : 4   of 4  
task14 0 3                          : 4   of 4  
task14 5 20                         : 4   of 4  
task14 8 3                          : 4   of 4  
-------------------------------------------------
CS240 - Midterm 1: exponent. fshafi Tue Feb 7 16:43:59 EST 2017  Total:  20 of 20



-------------------------------------------------
CS240 Midterm 1: exponent. fshafi   
Tue Feb  7 21:41:22 EST 2017
-------------------------------------------------
task14 2 3                          : 4   of 4  
task14 5 9                          : 4   of 4  
task14 0 3                          : 4   of 4  
task14 5 20                         : 4   of 4  
task14 8 3                          : 4   of 4  
-------------------------------------------------
CS240 - Midterm 1: exponent. fshafi Tue Feb 7 21:41:22 EST 2017  Total:  20 of 20



-------------------------------------------------
CS240 Midterm 1: exponent. fshafi   
Wed Feb  8 14:10:34 EST 2017
-------------------------------------------------
task14 2 3                          : 4   of 4  
task14 5 9                          : 4   of 4  
task14 0 3                          : 4   of 4  
task14 5 20                         : 4   of 4  
task14 8 3                          : 4   of 4  
-------------------------------------------------
CS240 - Midterm 1: exponent. fshafi Wed Feb 8 14:10:34 EST 2017  Total:  20 of 20



-------------------------------------------------
CS240 Midterm 1: exponent. fshafi   
Wed Feb  8 14:34:46 EST 2017
-------------------------------------------------
task14 2 3                          : 4   of 4  
task14 5 9                          : 4   of 4  
task14 0 3                          : 4   of 4  
task14 5 20                         : 4   of 4  
task14 8 3                          : 4   of 4  
-------------------------------------------------
CS240 - Midterm 1: exponent. fshafi Wed Feb 8 14:34:46 EST 2017  Total:  20 of 20

