

-------------------------------------------------
CS240 Midterm 1: mystrcmp. ifransig   
Tue Feb 23 16:21:05 EST 2016
-------------------------------------------------
task22 abcde abcd                   : 5   of 5  
task22 hello hellO                  : 5   of 5  
task22 "abc abc" " abc abc"         : 5   of 5  
task22 "abcabc" "abcabc "           : 5   of 5  
task22 " " " "                      : 5   of 5  
task22 "" " "                       : 0   of 5  
-------------------------------------------------
CS240 - Midterm 1: mystrcmp. ifransig Tue Feb 23 16:21:05 EST 2016  Total:  25 of 30



-------------------------------------------------
CS240 Midterm 1: mystrcmp. ifransig   
Tue Feb 23 16:37:56 EST 2016
-------------------------------------------------
task22 abcde abcd                   : 5   of 5  
task22 hello hellO                  : 5   of 5  
task22 "abc abc" " abc abc"         : 0   of 5  
task22 "abcabc" "abcabc "           : 5   of 5  
task22 " " " "                      : 5   of 5  
task22 "" " "                       : 0   of 5  
-------------------------------------------------
CS240 - Midterm 1: mystrcmp. ifransig Tue Feb 23 16:37:56 EST 2016  Total:  20 of 30



-------------------------------------------------
CS240 Midterm 1: mystrcmp. ifransig   
Tue Feb 23 16:39:01 EST 2016
-------------------------------------------------
task22 abcde abcd                   : 5   of 5  
task22 hello hellO                  : 5   of 5  
task22 "abc abc" " abc abc"         : 0   of 5  
task22 "abcabc" "abcabc "           : 5   of 5  
task22 " " " "                      : 5   of 5  
task22 "" " "                       : 0   of 5  
-------------------------------------------------
CS240 - Midterm 1: mystrcmp. ifransig Tue Feb 23 16:39:01 EST 2016  Total:  20 of 30



-------------------------------------------------
CS240 Midterm 1: mystrcmp. cs240   
Mon Jan 30 22:26:59 EST 2017
-------------------------------------------------
task22 abcde abcd                   : 0   of 5  
task22 hello hellO                  : 0   of 5  
task22 "abc abc" " abc abc"         : 0   of 5  
task22 "abcabc" "abcabc "           : 0   of 5  
task22 " " " "                      : 5   of 5  
task22 "" " "                       : 0   of 5  
-------------------------------------------------
CS240 - Midterm 1: mystrcmp. cs240 Mon Jan 30 22:26:59 EST 2017  Total:  5 of 30



-------------------------------------------------
CS240 Midterm 1: mystrcmp. cs240   
Mon Jan 30 22:27:44 EST 2017
-------------------------------------------------
task22 abcde abcd                   : 0   of 5  
task22 hello hellO                  : 0   of 5  
task22 "abc abc" " abc abc"         : 0   of 5  
task22 "abcabc" "abcabc "           : 0   of 5  
task22 " " " "                      : 5   of 5  
task22 "" " "                       : 0   of 5  
-------------------------------------------------
CS240 - Midterm 1: mystrcmp. cs240 Mon Jan 30 22:27:44 EST 2017  Total:  5 of 30



-------------------------------------------------
CS240 Midterm 1: mystrcmp. cs240   
Mon Jan 30 22:30:34 EST 2017
-------------------------------------------------
task22 abcde abcd                   : 0   of 5  
task22 hello hellO                  : 0   of 5  
task22 "abc abc" " abc abc"         : 0   of 5  
task22 "abcabc" "abcabc "           : 0   of 5  
task22 " " " "                      : 5   of 5  
task22 "" " "                       : 0   of 5  
-------------------------------------------------
CS240 - Midterm 1: mystrcmp. cs240 Mon Jan 30 22:30:34 EST 2017  Total:  5 of 30



-------------------------------------------------
CS240 Midterm 1: mystrcmp. cs240   
Mon Jan 30 22:37:46 EST 2017
-------------------------------------------------
task22 abcde abcd                   : 0   of 5  
task22 hello hellO                  : 0   of 5  
task22 "abc abc" " abc abc"         : 0   of 5  
task22 "abcabc" "abcabc "           : 0   of 5  
task22 " " " "                      : 5   of 5  
task22 "" " "                       : 0   of 5  
-------------------------------------------------
CS240 - Midterm 1: mystrcmp. cs240 Mon Jan 30 22:37:46 EST 2017  Total:  5 of 30



-------------------------------------------------
CS240 Midterm 1: mystrcmp. cs240   
Mon Jan 30 22:40:43 EST 2017
-------------------------------------------------
task22 abcde abcd                   : 0   of 5  
task22 hello hellO                  : 0   of 5  
task22 "abc abc" " abc abc"         : 0   of 5  
task22 "abcabc" "abcabc "           : 0   of 5  
task22 " " " "                      : 5   of 5  
task22 "" " "                       : 0   of 5  
-------------------------------------------------
CS240 - Midterm 1: mystrcmp. cs240 Mon Jan 30 22:40:43 EST 2017  Total:  5 of 30



-------------------------------------------------
CS240 Midterm 1: mystrcmp. cs240   
Mon Jan 30 22:41:11 EST 2017
-------------------------------------------------
task22 abcde abcd                   : 0   of 5  
task22 hello hellO                  : 0   of 5  
task22 "abc abc" " abc abc"         : 0   of 5  
task22 "abcabc" "abcabc "           : 0   of 5  
task22 " " " "                      : 5   of 5  
task22 "" " "                       : 0   of 5  
-------------------------------------------------
CS240 - Midterm 1: mystrcmp. cs240 Mon Jan 30 22:41:11 EST 2017  Total:  5 of 30



-------------------------------------------------
CS240 Midterm 1: mystrcmp. cs240   
Mon Jan 30 22:41:45 EST 2017
-------------------------------------------------
task22 abcde abcd                   : 0   of 5  
task22 hello hellO                  : 0   of 5  
task22 "abc abc" " abc abc"         : 0   of 5  
task22 "abcabc" "abcabc "           : 0   of 5  
task22 " " " "                      : 5   of 5  
task22 "" " "                       : 0   of 5  
-------------------------------------------------
CS240 - Midterm 1: mystrcmp. cs240 Mon Jan 30 22:41:45 EST 2017  Total:  5 of 30



-------------------------------------------------
CS240 Midterm 1: mystrcmp. cs240   
Mon Jan 30 22:42:29 EST 2017
-------------------------------------------------
task22 abcde abcd                   : 0   of 5  
task22 hello hellO                  : 0   of 5  
task22 "abc abc" " abc abc"         : 0   of 5  
task22 "abcabc" "abcabc "           : 0   of 5  
task22 " " " "                      : 5   of 5  
task22 "" " "                       : 0   of 5  
-------------------------------------------------
CS240 - Midterm 1: mystrcmp. cs240 Mon Jan 30 22:42:29 EST 2017  Total:  5 of 30



-------------------------------------------------
CS240 Midterm 1: mystrcmp. cs240   
Mon Jan 30 22:42:49 EST 2017
-------------------------------------------------
task22 abcde abcd                   : 0   of 5  
task22 hello hellO                  : 0   of 5  
task22 "abc abc" " abc abc"         : 0   of 5  
task22 "abcabc" "abcabc "           : 0   of 5  
task22 " " " "                      : 5   of 5  
task22 "" " "                       : 0   of 5  
-------------------------------------------------
CS240 - Midterm 1: mystrcmp. cs240 Mon Jan 30 22:42:49 EST 2017  Total:  5 of 30



-------------------------------------------------
CS240 Midterm 1: mystrcmp. fshafi   
Sun Feb  5 13:49:09 EST 2017
-------------------------------------------------
task22 abcde abcd                   : 0   of 5  
task22 hello hellO                  : 0   of 5  
task22 "abc abc" " abc abc"         : 0   of 5  
task22 "abcabc" "abcabc "           : 0   of 5  
task22 " " " "                      : 5   of 5  
task22 "" " "                       : 0   of 5  
-------------------------------------------------
CS240 - Midterm 1: mystrcmp. fshafi Sun Feb 5 13:49:09 EST 2017  Total:  5 of 30



-------------------------------------------------
CS240 Midterm 1: mystrcmp. fshafi   
Sun Feb  5 14:04:00 EST 2017
-------------------------------------------------
task22 abcde abcd                   : 0   of 5  
task22 hello hellO                  : 0   of 5  
task22 "abc abc" " abc abc"         : 0   of 5  
task22 "abcabc" "abcabc "           : 5   of 5  
task22 " " " "                      : 5   of 5  
task22 "" " "                       : 5   of 5  
-------------------------------------------------
CS240 - Midterm 1: mystrcmp. fshafi Sun Feb 5 14:04:00 EST 2017  Total:  15 of 30



-------------------------------------------------
CS240 Midterm 1: mystrcmp. fshafi   
Sun Feb  5 14:13:07 EST 2017
-------------------------------------------------
task22 abcde abcd                   : 0   of 5  
task22 hello hellO                  : 0   of 5  
task22 "abc abc" " abc abc"         : 0   of 5  
task22 "abcabc" "abcabc "           : 5   of 5  
task22 " " " "                      : 5   of 5  
task22 "" " "                       : 5   of 5  
-------------------------------------------------
CS240 - Midterm 1: mystrcmp. fshafi Sun Feb 5 14:13:07 EST 2017  Total:  15 of 30



-------------------------------------------------
CS240 Midterm 1: mystrcmp. fshafi   
Sun Feb  5 14:16:56 EST 2017
-------------------------------------------------
task22 abcde abcd                   : 0   of 5  
task22 hello hellO                  : 0   of 5  
task22 "abc abc" " abc abc"         : 0   of 5  
task22 "abcabc" "abcabc "           : 5   of 5  
task22 " " " "                      : 5   of 5  
task22 "" " "                       : 5   of 5  
-------------------------------------------------
CS240 - Midterm 1: mystrcmp. fshafi Sun Feb 5 14:16:56 EST 2017  Total:  15 of 30



-------------------------------------------------
CS240 Midterm 1: mystrcmp. fshafi   
Sun Feb  5 14:24:50 EST 2017
-------------------------------------------------
task22 abcde abcd                   : 0   of 5  
task22 hello hellO                  : 0   of 5  
task22 "abc abc" " abc abc"         : 0   of 5  
task22 "abcabc" "abcabc "           : 5   of 5  
task22 " " " "                      : 5   of 5  
task22 "" " "                       : 5   of 5  
-------------------------------------------------
CS240 - Midterm 1: mystrcmp. fshafi Sun Feb 5 14:24:50 EST 2017  Total:  15 of 30



-------------------------------------------------
CS240 Midterm 1: mystrcmp. fshafi   
Sun Feb  5 14:30:46 EST 2017
-------------------------------------------------
task22 abcde abcd                   : 0   of 5  
task22 hello hellO                  : 0   of 5  
task22 "abc abc" " abc abc"         : 0   of 5  
task22 "abcabc" "abcabc "           : 5   of 5  
task22 " " " "                      : 5   of 5  
task22 "" " "                       : 5   of 5  
-------------------------------------------------
CS240 - Midterm 1: mystrcmp. fshafi Sun Feb 5 14:30:46 EST 2017  Total:  15 of 30



-------------------------------------------------
CS240 Midterm 1: mystrcmp. fshafi   
Sun Feb  5 14:31:30 EST 2017
-------------------------------------------------
task22 abcde abcd                   : 0   of 5  
task22 hello hellO                  : 0   of 5  
task22 "abc abc" " abc abc"         : 0   of 5  
task22 "abcabc" "abcabc "           : 5   of 5  
task22 " " " "                      : 5   of 5  
task22 "" " "                       : 5   of 5  
-------------------------------------------------
CS240 - Midterm 1: mystrcmp. fshafi Sun Feb 5 14:31:30 EST 2017  Total:  15 of 30



-------------------------------------------------
CS240 Midterm 1: mystrcmp. fshafi   
Sun Feb  5 14:35:29 EST 2017
-------------------------------------------------
task22 abcde abcd                   : 0   of 5  
task22 hello hellO                  : 0   of 5  
task22 "abc abc" " abc abc"         : 0   of 5  
task22 "abcabc" "abcabc "           : 5   of 5  
task22 " " " "                      : 5   of 5  
task22 "" " "                       : 5   of 5  
-------------------------------------------------
CS240 - Midterm 1: mystrcmp. fshafi Sun Feb 5 14:35:29 EST 2017  Total:  15 of 30



-------------------------------------------------
CS240 Midterm 1: mystrcmp. fshafi   
Sun Feb  5 14:37:52 EST 2017
-------------------------------------------------
task22 abcde abcd                   : 0   of 5  
task22 hello hellO                  : 0   of 5  
task22 "abc abc" " abc abc"         : 0   of 5  
task22 "abcabc" "abcabc "           : 5   of 5  
task22 " " " "                      : 5   of 5  
task22 "" " "                       : 5   of 5  
-------------------------------------------------
CS240 - Midterm 1: mystrcmp. fshafi Sun Feb 5 14:37:52 EST 2017  Total:  15 of 30



-------------------------------------------------
CS240 Midterm 1: mystrcmp. fshafi   
Sun Feb  5 14:40:01 EST 2017
-------------------------------------------------
task22 abcde abcd                   : 0   of 5  
task22 hello hellO                  : 0   of 5  
task22 "abc abc" " abc abc"         : 0   of 5  
task22 "abcabc" "abcabc "           : 5   of 5  
task22 " " " "                      : 5   of 5  
task22 "" " "                       : 5   of 5  
-------------------------------------------------
CS240 - Midterm 1: mystrcmp. fshafi Sun Feb 5 14:40:01 EST 2017  Total:  15 of 30



-------------------------------------------------
CS240 Midterm 1: mystrcmp. fshafi   
Sun Feb  5 14:42:23 EST 2017
-------------------------------------------------
task22 abcde abcd                   : 5   of 5  
task22 hello hellO                  : 5   of 5  
task22 "abc abc" " abc abc"         : 5   of 5  
task22 "abcabc" "abcabc "           : 5   of 5  
task22 " " " "                      : 0   of 5  
task22 "" " "                       : 5   of 5  
-------------------------------------------------
CS240 - Midterm 1: mystrcmp. fshafi Sun Feb 5 14:42:23 EST 2017  Total:  25 of 30



-------------------------------------------------
CS240 Midterm 1: mystrcmp. fshafi   
Sun Feb  5 14:43:30 EST 2017
-------------------------------------------------
task22 abcde abcd                   : 0   of 5  
task22 hello hellO                  : 0   of 5  
task22 "abc abc" " abc abc"         : 5   of 5  
task22 "abcabc" "abcabc "           : 0   of 5  
task22 " " " "                      : 5   of 5  
task22 "" " "                       : 5   of 5  
-------------------------------------------------
CS240 - Midterm 1: mystrcmp. fshafi Sun Feb 5 14:43:30 EST 2017  Total:  15 of 30



-------------------------------------------------
CS240 Midterm 1: mystrcmp. fshafi   
Sun Feb  5 14:44:20 EST 2017
-------------------------------------------------
task22 abcde abcd                   : 5   of 5  
task22 hello hellO                  : 5   of 5  
task22 "abc abc" " abc abc"         : 5   of 5  
task22 "abcabc" "abcabc "           : 5   of 5  
task22 " " " "                      : 0   of 5  
task22 "" " "                       : 5   of 5  
-------------------------------------------------
CS240 - Midterm 1: mystrcmp. fshafi Sun Feb 5 14:44:20 EST 2017  Total:  25 of 30



-------------------------------------------------
CS240 Midterm 1: mystrcmp. fshafi   
Sun Feb  5 14:46:16 EST 2017
-------------------------------------------------
task22 abcde abcd                   : 5   of 5  
task22 hello hellO                  : 0   of 5  
task22 "abc abc" " abc abc"         : 5   of 5  
task22 "abcabc" "abcabc "           : 5   of 5  
task22 " " " "                      : 5   of 5  
task22 "" " "                       : 5   of 5  
-------------------------------------------------
CS240 - Midterm 1: mystrcmp. fshafi Sun Feb 5 14:46:16 EST 2017  Total:  25 of 30



-------------------------------------------------
CS240 Midterm 1: mystrcmp. fshafi   
Sun Feb  5 14:49:08 EST 2017
-------------------------------------------------
task22 abcde abcd                   : 5   of 5  
task22 hello hellO                  : 0   of 5  
task22 "abc abc" " abc abc"         : 5   of 5  
task22 "abcabc" "abcabc "           : 5   of 5  
task22 " " " "                      : 5   of 5  
task22 "" " "                       : 5   of 5  
-------------------------------------------------
CS240 - Midterm 1: mystrcmp. fshafi Sun Feb 5 14:49:08 EST 2017  Total:  25 of 30



-------------------------------------------------
CS240 Midterm 1: mystrcmp. fshafi   
Sun Feb  5 14:50:08 EST 2017
-------------------------------------------------
task22 abcde abcd                   : 5   of 5  
task22 hello hellO                  : 0   of 5  
task22 "abc abc" " abc abc"         : 5   of 5  
task22 "abcabc" "abcabc "           : 5   of 5  
task22 " " " "                      : 5   of 5  
task22 "" " "                       : 5   of 5  
-------------------------------------------------
CS240 - Midterm 1: mystrcmp. fshafi Sun Feb 5 14:50:08 EST 2017  Total:  25 of 30



-------------------------------------------------
CS240 Midterm 1: mystrcmp. fshafi   
Sun Feb  5 14:51:28 EST 2017
-------------------------------------------------
task22 abcde abcd                   : 5   of 5  
task22 hello hellO                  : 0   of 5  
task22 "abc abc" " abc abc"         : 5   of 5  
task22 "abcabc" "abcabc "           : 5   of 5  
task22 " " " "                      : 5   of 5  
task22 "" " "                       : 5   of 5  
-------------------------------------------------
CS240 - Midterm 1: mystrcmp. fshafi Sun Feb 5 14:51:28 EST 2017  Total:  25 of 30



-------------------------------------------------
CS240 Midterm 1: mystrcmp. fshafi   
Sun Feb  5 14:52:36 EST 2017
-------------------------------------------------
task22 abcde abcd                   : 5   of 5  
task22 hello hellO                  : 5   of 5  
task22 "abc abc" " abc abc"         : 5   of 5  
task22 "abcabc" "abcabc "           : 5   of 5  
task22 " " " "                      : 0   of 5  
task22 "" " "                       : 5   of 5  
-------------------------------------------------
CS240 - Midterm 1: mystrcmp. fshafi Sun Feb 5 14:52:36 EST 2017  Total:  25 of 30



-------------------------------------------------
CS240 Midterm 1: mystrcmp. fshafi   
Sun Feb  5 14:54:09 EST 2017
-------------------------------------------------
task22 abcde abcd                   : 5   of 5  
task22 hello hellO                  : 5   of 5  
task22 "abc abc" " abc abc"         : 5   of 5  
task22 "abcabc" "abcabc "           : 5   of 5  
task22 " " " "                      : 0   of 5  
task22 "" " "                       : 5   of 5  
-------------------------------------------------
CS240 - Midterm 1: mystrcmp. fshafi Sun Feb 5 14:54:09 EST 2017  Total:  25 of 30



-------------------------------------------------
CS240 Midterm 1: mystrcmp. fshafi   
Sun Feb  5 14:57:15 EST 2017
-------------------------------------------------
task22 abcde abcd                   : 5   of 5  
task22 hello hellO                  : 5   of 5  
task22 "abc abc" " abc abc"         : 5   of 5  
task22 "abcabc" "abcabc "           : 5   of 5  
task22 " " " "                      : 0   of 5  
task22 "" " "                       : 5   of 5  
-------------------------------------------------
CS240 - Midterm 1: mystrcmp. fshafi Sun Feb 5 14:57:15 EST 2017  Total:  25 of 30



-------------------------------------------------
CS240 Midterm 1: mystrcmp. fshafi   
Sun Feb  5 14:58:11 EST 2017
-------------------------------------------------
task22 abcde abcd                   : 5   of 5  
task22 hello hellO                  : 5   of 5  
task22 "abc abc" " abc abc"         : 5   of 5  
task22 "abcabc" "abcabc "           : 5   of 5  
task22 " " " "                      : 0   of 5  
task22 "" " "                       : 5   of 5  
-------------------------------------------------
CS240 - Midterm 1: mystrcmp. fshafi Sun Feb 5 14:58:11 EST 2017  Total:  25 of 30



-------------------------------------------------
CS240 Midterm 1: mystrcmp. fshafi   
Sun Feb  5 14:59:53 EST 2017
-------------------------------------------------
task22 abcde abcd                   : 5   of 5  
task22 hello hellO                  : 0   of 5  
task22 "abc abc" " abc abc"         : 5   of 5  
task22 "abcabc" "abcabc "           : 5   of 5  
task22 " " " "                      : 5   of 5  
task22 "" " "                       : 5   of 5  
-------------------------------------------------
CS240 - Midterm 1: mystrcmp. fshafi Sun Feb 5 14:59:53 EST 2017  Total:  25 of 30



-------------------------------------------------
CS240 Midterm 1: mystrcmp. fshafi   
Sun Feb  5 15:01:02 EST 2017
-------------------------------------------------
task22 abcde abcd                   : 5   of 5  
task22 hello hellO                  : 0   of 5  
task22 "abc abc" " abc abc"         : 5   of 5  
task22 "abcabc" "abcabc "           : 5   of 5  
task22 " " " "                      : 5   of 5  
task22 "" " "                       : 5   of 5  
-------------------------------------------------
CS240 - Midterm 1: mystrcmp. fshafi Sun Feb 5 15:01:02 EST 2017  Total:  25 of 30



-------------------------------------------------
CS240 Midterm 1: mystrcmp. fshafi   
Sun Feb  5 15:05:53 EST 2017
-------------------------------------------------
task22 abcde abcd                   : 5   of 5  
task22 hello hellO                  : 0   of 5  
task22 "abc abc" " abc abc"         : 5   of 5  
task22 "abcabc" "abcabc "           : 5   of 5  
task22 " " " "                      : 5   of 5  
task22 "" " "                       : 5   of 5  
-------------------------------------------------
CS240 - Midterm 1: mystrcmp. fshafi Sun Feb 5 15:05:53 EST 2017  Total:  25 of 30



-------------------------------------------------
CS240 Midterm 1: mystrcmp. fshafi   
Sun Feb  5 15:10:28 EST 2017
-------------------------------------------------
task22 abcde abcd                   : 5   of 5  
task22 hello hellO                  : 5   of 5  
task22 "abc abc" " abc abc"         : 5   of 5  
task22 "abcabc" "abcabc "           : 5   of 5  
task22 " " " "                      : 0   of 5  
task22 "" " "                       : 5   of 5  
-------------------------------------------------
CS240 - Midterm 1: mystrcmp. fshafi Sun Feb 5 15:10:28 EST 2017  Total:  25 of 30



-------------------------------------------------
CS240 Midterm 1: mystrcmp. fshafi   
Sun Feb  5 15:11:22 EST 2017
-------------------------------------------------
task22 abcde abcd                   : 0   of 5  
task22 hello hellO                  : 0   of 5  
task22 "abc abc" " abc abc"         : 5   of 5  
task22 "abcabc" "abcabc "           : 0   of 5  
task22 " " " "                      : 5   of 5  
task22 "" " "                       : 5   of 5  
-------------------------------------------------
CS240 - Midterm 1: mystrcmp. fshafi Sun Feb 5 15:11:22 EST 2017  Total:  15 of 30



-------------------------------------------------
CS240 Midterm 1: mystrcmp. fshafi   
Sun Feb  5 15:12:10 EST 2017
-------------------------------------------------
task22 abcde abcd                   : 5   of 5  
task22 hello hellO                  : 5   of 5  
task22 "abc abc" " abc abc"         : 5   of 5  
task22 "abcabc" "abcabc "           : 5   of 5  
task22 " " " "                      : 0   of 5  
task22 "" " "                       : 5   of 5  
-------------------------------------------------
CS240 - Midterm 1: mystrcmp. fshafi Sun Feb 5 15:12:10 EST 2017  Total:  25 of 30



-------------------------------------------------
CS240 Midterm 1: mystrcmp. fshafi   
Sun Feb  5 15:16:26 EST 2017
-------------------------------------------------
task22 abcde abcd                   : 5   of 5  
task22 hello hellO                  : 5   of 5  
task22 "abc abc" " abc abc"         : 5   of 5  
task22 "abcabc" "abcabc "           : 5   of 5  
task22 " " " "                      : 5   of 5  
task22 "" " "                       : 5   of 5  
-------------------------------------------------
CS240 - Midterm 1: mystrcmp. fshafi Sun Feb 5 15:16:26 EST 2017  Total:  30 of 30



-------------------------------------------------
CS240 Midterm 1: mystrcmp. fshafi   
Sun Feb  5 15:18:06 EST 2017
-------------------------------------------------
task22 abcde abcd                   : 5   of 5  
task22 hello hellO                  : 5   of 5  
task22 "abc abc" " abc abc"         : 5   of 5  
task22 "abcabc" "abcabc "           : 5   of 5  
task22 " " " "                      : 5   of 5  
task22 "" " "                       : 5   of 5  
-------------------------------------------------
CS240 - Midterm 1: mystrcmp. fshafi Sun Feb 5 15:18:06 EST 2017  Total:  30 of 30



-------------------------------------------------
CS240 Midterm 1: mystrcmp. fshafi   
Sun Feb  5 17:56:00 EST 2017
-------------------------------------------------
task22 abcde abcd                   : 5   of 5  
task22 hello hellO                  : 5   of 5  
task22 "abc abc" " abc abc"         : 5   of 5  
task22 "abcabc" "abcabc "           : 5   of 5  
task22 " " " "                      : 5   of 5  
task22 "" " "                       : 5   of 5  
-------------------------------------------------
CS240 - Midterm 1: mystrcmp. fshafi Sun Feb 5 17:56:00 EST 2017  Total:  30 of 30



-------------------------------------------------
CS240 Midterm 1: mystrcmp. fshafi   
Mon Feb  6 14:23:33 EST 2017
-------------------------------------------------
task22 abcde abcd                   : 5   of 5  
task22 hello hellO                  : 5   of 5  
task22 "abc abc" " abc abc"         : 5   of 5  
task22 "abcabc" "abcabc "           : 5   of 5  
task22 " " " "                      : 5   of 5  
task22 "" " "                       : 5   of 5  
-------------------------------------------------
CS240 - Midterm 1: mystrcmp. fshafi Mon Feb 6 14:23:33 EST 2017  Total:  30 of 30



-------------------------------------------------
CS240 Midterm 1: mystrcmp. fshafi   
Mon Feb  6 14:31:13 EST 2017
-------------------------------------------------
task22 abcde abcd                   : 5   of 5  
task22 hello hellO                  : 5   of 5  
task22 "abc abc" " abc abc"         : 5   of 5  
task22 "abcabc" "abcabc "           : 5   of 5  
task22 " " " "                      : 5   of 5  
task22 "" " "                       : 5   of 5  
-------------------------------------------------
CS240 - Midterm 1: mystrcmp. fshafi Mon Feb 6 14:31:13 EST 2017  Total:  30 of 30



-------------------------------------------------
CS240 Midterm 1: mystrcmp. fshafi   
Mon Feb  6 14:31:56 EST 2017
-------------------------------------------------
task22 abcde abcd                   : 5   of 5  
task22 hello hellO                  : 5   of 5  
task22 "abc abc" " abc abc"         : 5   of 5  
task22 "abcabc" "abcabc "           : 5   of 5  
task22 " " " "                      : 5   of 5  
task22 "" " "                       : 5   of 5  
-------------------------------------------------
CS240 - Midterm 1: mystrcmp. fshafi Mon Feb 6 14:31:56 EST 2017  Total:  30 of 30



-------------------------------------------------
CS240 Midterm 1: mystrcmp. fshafi   
Tue Feb  7 16:43:59 EST 2017
-------------------------------------------------
task22 abcde abcd                   : 5   of 5  
task22 hello hellO                  : 5   of 5  
task22 "abc abc" " abc abc"         : 5   of 5  
task22 "abcabc" "abcabc "           : 5   of 5  
task22 " " " "                      : 5   of 5  
task22 "" " "                       : 5   of 5  
-------------------------------------------------
CS240 - Midterm 1: mystrcmp. fshafi Tue Feb 7 16:43:59 EST 2017  Total:  30 of 30



-------------------------------------------------
CS240 Midterm 1: mystrcmp. fshafi   
Tue Feb  7 21:41:22 EST 2017
-------------------------------------------------
task22 abcde abcd                   : 5   of 5  
task22 hello hellO                  : 5   of 5  
task22 "abc abc" " abc abc"         : 5   of 5  
task22 "abcabc" "abcabc "           : 5   of 5  
task22 " " " "                      : 5   of 5  
task22 "" " "                       : 5   of 5  
-------------------------------------------------
CS240 - Midterm 1: mystrcmp. fshafi Tue Feb 7 21:41:22 EST 2017  Total:  30 of 30



-------------------------------------------------
CS240 Midterm 1: mystrcmp. fshafi   
Wed Feb  8 14:10:35 EST 2017
-------------------------------------------------
task22 abcde abcd                   : 5   of 5  
task22 hello hellO                  : 5   of 5  
task22 "abc abc" " abc abc"         : 5   of 5  
task22 "abcabc" "abcabc "           : 5   of 5  
task22 " " " "                      : 5   of 5  
task22 "" " "                       : 5   of 5  
-------------------------------------------------
CS240 - Midterm 1: mystrcmp. fshafi Wed Feb 8 14:10:35 EST 2017  Total:  30 of 30



-------------------------------------------------
CS240 Midterm 1: mystrcmp. fshafi   
Wed Feb  8 14:34:46 EST 2017
-------------------------------------------------
task22 abcde abcd                   : 5   of 5  
task22 hello hellO                  : 5   of 5  
task22 "abc abc" " abc abc"         : 5   of 5  
task22 "abcabc" "abcabc "           : 5   of 5  
task22 " " " "                      : 5   of 5  
task22 "" " "                       : 5   of 5  
-------------------------------------------------
CS240 - Midterm 1: mystrcmp. fshafi Wed Feb 8 14:34:46 EST 2017  Total:  30 of 30

