

-------------------------------------------------
CS240 Midterm 1: task35. nguye225   
Tue Feb 23 15:56:30 EST 2016
-------------------------------------------------
task35 t                            : 5   of 5  
task35 ttt                          : 5   of 5  
task35 tight                        : 5   of 5  
task35 racecar                      : 5   of 5  
task35 are we not drawn onward we few drawn onward to new era : 5   of 5  
task35 armadillo ollidamra          : 5   of 5  
task35 t hiht                       : 5   of 5  
task35 tig                          : 5   of 5  
task35 t	igit                       : 5   of 5  
task35 asdfasdfasdfasdfasdffdsafdsafdsafdsafdsaG : 5   of 5  
-------------------------------------------------
CS240 - Midterm 1: task35. nguye225 Tue Feb 23 15:56:30 EST 2016  Total:  50 of 50



-------------------------------------------------
CS240 Midterm 1: task35. nguye225   
Tue Feb 23 16:27:01 EST 2016
-------------------------------------------------
task35 t                            : 5   of 5  
task35 ttt                          : 5   of 5  
task35 tight                        : 5   of 5  
task35 racecar                      : 5   of 5  
task35 are we not drawn onward we few drawn onward to new era : 5   of 5  
task35 armadillo ollidamra          : 5   of 5  
task35 t hiht                       : 5   of 5  
task35 tig                          : 5   of 5  
task35 t	igit                       : 5   of 5  
task35 asdfasdfasdfasdfasdffdsafdsafdsafdsafdsaG : 5   of 5  
-------------------------------------------------
CS240 - Midterm 1: task35. nguye225 Tue Feb 23 16:27:01 EST 2016  Total:  50 of 50



-------------------------------------------------
CS240 Midterm 1: task35. cs240   
Mon Jan 30 22:35:57 EST 2017
-------------------------------------------------
task35 t                            : 5   of 5  
task35 ttt                          : 5   of 5  
task35 tight                        : 5   of 5  
task35 racecar                      : 5   of 5  
task35 are we not drawn onward we few drawn onward to new era : 5   of 5  
task35 armadillo ollidamra          : 5   of 5  
task35 t hiht                       : 5   of 5  
task35 tig                          : 5   of 5  
task35 t	igit                       : 5   of 5  
task35 asdfasdfasdfasdfasdffdsafdsafdsafdsafdsaG : 5   of 5  
-------------------------------------------------
CS240 - Midterm 1: task35. cs240 Mon Jan 30 22:35:57 EST 2017  Total:  50 of 50



-------------------------------------------------
CS240 Midterm 1: task35. cs240   
Mon Jan 30 22:37:46 EST 2017
-------------------------------------------------
task35 t                            : 5   of 5  
task35 ttt                          : 5   of 5  
task35 tight                        : 5   of 5  
task35 racecar                      : 5   of 5  
task35 are we not drawn onward we few drawn onward to new era : 5   of 5  
task35 armadillo ollidamra          : 5   of 5  
task35 t hiht                       : 5   of 5  
task35 tig                          : 5   of 5  
task35 t	igit                       : 5   of 5  
task35 asdfasdfasdfasdfasdffdsafdsafdsafdsafdsaG : 5   of 5  
-------------------------------------------------
CS240 - Midterm 1: task35. cs240 Mon Jan 30 22:37:46 EST 2017  Total:  50 of 50



-------------------------------------------------
CS240 Midterm 1: task35. cs240   
Mon Jan 30 22:39:17 EST 2017
-------------------------------------------------
task35 t                            : 5   of 5  
task35 ttt                          : 5   of 5  
task35 tight                        : 5   of 5  
task35 racecar                      : 5   of 5  
task35 are we not drawn onward we few drawn onward to new era : 5   of 5  
task35 armadillo ollidamra          : 5   of 5  
task35 t hiht                       : 5   of 5  
task35 tig                          : 5   of 5  
task35 t	igit                       : 5   of 5  
task35 asdfasdfasdfasdfasdffdsafdsafdsafdsafdsaG : 5   of 5  
-------------------------------------------------
CS240 - Midterm 1: task35. cs240 Mon Jan 30 22:39:17 EST 2017  Total:  50 of 50



-------------------------------------------------
CS240 Midterm 1: task35. cs240   
Mon Jan 30 22:40:06 EST 2017
-------------------------------------------------
task35 t                            : 0   of 5  
task35 ttt                          : 0   of 5  
task35 tight                        : 5   of 5  
task35 racecar                      : 0   of 5  
task35 are we not drawn onward we few drawn onward to new era : 0   of 5  
task35 armadillo ollidamra          : 0   of 5  
task35 t hiht                       : 0   of 5  
task35 tig                          : 5   of 5  
task35 t	igit                       : 0   of 5  
task35 asdfasdfasdfasdfasdffdsafdsafdsafdsafdsaG : 5   of 5  
-------------------------------------------------
CS240 - Midterm 1: task35. cs240 Mon Jan 30 22:40:06 EST 2017  Total:  15 of 50



-------------------------------------------------
CS240 Midterm 1: task35. cs240   
Mon Jan 30 22:40:30 EST 2017
-------------------------------------------------
task35 t                            : 0   of 5  
task35 ttt                          : 0   of 5  
task35 tight                        : 5   of 5  
task35 racecar                      : 0   of 5  
task35 are we not drawn onward we few drawn onward to new era : 0   of 5  
task35 armadillo ollidamra          : 0   of 5  
task35 t hiht                       : 0   of 5  
task35 tig                          : 5   of 5  
task35 t	igit                       : 0   of 5  
task35 asdfasdfasdfasdfasdffdsafdsafdsafdsafdsaG : 5   of 5  
-------------------------------------------------
CS240 - Midterm 1: task35. cs240 Mon Jan 30 22:40:30 EST 2017  Total:  15 of 50



-------------------------------------------------
CS240 Midterm 1: task35. cs240   
Mon Jan 30 22:40:44 EST 2017
-------------------------------------------------
task35 t                            : 0   of 5  
task35 ttt                          : 0   of 5  
task35 tight                        : 5   of 5  
task35 racecar                      : 0   of 5  
task35 are we not drawn onward we few drawn onward to new era : 0   of 5  
task35 armadillo ollidamra          : 0   of 5  
task35 t hiht                       : 0   of 5  
task35 tig                          : 5   of 5  
task35 t	igit                       : 0   of 5  
task35 asdfasdfasdfasdfasdffdsafdsafdsafdsafdsaG : 5   of 5  
-------------------------------------------------
CS240 - Midterm 1: task35. cs240 Mon Jan 30 22:40:44 EST 2017  Total:  15 of 50



-------------------------------------------------
CS240 Midterm 1: task35. cs240   
Mon Jan 30 22:41:12 EST 2017
-------------------------------------------------
task35 t                            : 0   of 5  
task35 ttt                          : 0   of 5  
task35 tight                        : 5   of 5  
task35 racecar                      : 0   of 5  
task35 are we not drawn onward we few drawn onward to new era : 0   of 5  
task35 armadillo ollidamra          : 0   of 5  
task35 t hiht                       : 0   of 5  
task35 tig                          : 5   of 5  
task35 t	igit                       : 0   of 5  
task35 asdfasdfasdfasdfasdffdsafdsafdsafdsafdsaG : 5   of 5  
-------------------------------------------------
CS240 - Midterm 1: task35. cs240 Mon Jan 30 22:41:12 EST 2017  Total:  15 of 50



-------------------------------------------------
CS240 Midterm 1: task35. cs240   
Mon Jan 30 22:41:45 EST 2017
-------------------------------------------------
task35 t                            : 0   of 5  
task35 ttt                          : 0   of 5  
task35 tight                        : 5   of 5  
task35 racecar                      : 0   of 5  
task35 are we not drawn onward we few drawn onward to new era : 0   of 5  
task35 armadillo ollidamra          : 0   of 5  
task35 t hiht                       : 0   of 5  
task35 tig                          : 5   of 5  
task35 t	igit                       : 0   of 5  
task35 asdfasdfasdfasdfasdffdsafdsafdsafdsafdsaG : 5   of 5  
-------------------------------------------------
CS240 - Midterm 1: task35. cs240 Mon Jan 30 22:41:45 EST 2017  Total:  15 of 50



-------------------------------------------------
CS240 Midterm 1: task35. cs240   
Mon Jan 30 22:42:29 EST 2017
-------------------------------------------------
task35 t                            : 0   of 5  
task35 ttt                          : 0   of 5  
task35 tight                        : 5   of 5  
task35 racecar                      : 0   of 5  
task35 are we not drawn onward we few drawn onward to new era : 0   of 5  
task35 armadillo ollidamra          : 0   of 5  
task35 t hiht                       : 0   of 5  
task35 tig                          : 5   of 5  
task35 t	igit                       : 0   of 5  
task35 asdfasdfasdfasdfasdffdsafdsafdsafdsafdsaG : 5   of 5  
-------------------------------------------------
CS240 - Midterm 1: task35. cs240 Mon Jan 30 22:42:29 EST 2017  Total:  15 of 50



-------------------------------------------------
CS240 Midterm 1: task35. cs240   
Mon Jan 30 22:42:49 EST 2017
-------------------------------------------------
task35 t                            : 0   of 5  
task35 ttt                          : 0   of 5  
task35 tight                        : 5   of 5  
task35 racecar                      : 0   of 5  
task35 are we not drawn onward we few drawn onward to new era : 0   of 5  
task35 armadillo ollidamra          : 0   of 5  
task35 t hiht                       : 0   of 5  
task35 tig                          : 5   of 5  
task35 t	igit                       : 0   of 5  
task35 asdfasdfasdfasdfasdffdsafdsafdsafdsafdsaG : 5   of 5  
-------------------------------------------------
CS240 - Midterm 1: task35. cs240 Mon Jan 30 22:42:49 EST 2017  Total:  15 of 50



-------------------------------------------------
CS240 Midterm 1: task35. fshafi   
Sun Feb  5 13:49:09 EST 2017
-------------------------------------------------
task35 t                            : 0   of 5  
task35 ttt                          : 0   of 5  
task35 tight                        : 5   of 5  
task35 racecar                      : 0   of 5  
task35 are we not drawn onward we few drawn onward to new era : 0   of 5  
task35 armadillo ollidamra          : 0   of 5  
task35 t hiht                       : 0   of 5  
task35 tig                          : 5   of 5  
task35 t	igit                       : 0   of 5  
task35 asdfasdfasdfasdfasdffdsafdsafdsafdsafdsaG : 5   of 5  
-------------------------------------------------
CS240 - Midterm 1: task35. fshafi Sun Feb 5 13:49:09 EST 2017  Total:  15 of 50



-------------------------------------------------
CS240 Midterm 1: task35. fshafi   
Sun Feb  5 15:18:06 EST 2017
-------------------------------------------------
task35 t                            : 0   of 5  
task35 ttt                          : 0   of 5  
task35 tight                        : 5   of 5  
task35 racecar                      : 0   of 5  
task35 are we not drawn onward we few drawn onward to new era : 0   of 5  
task35 armadillo ollidamra          : 0   of 5  
task35 t hiht                       : 0   of 5  
task35 tig                          : 5   of 5  
task35 t	igit                       : 0   of 5  
task35 asdfasdfasdfasdfasdffdsafdsafdsafdsafdsaG : 5   of 5  
-------------------------------------------------
CS240 - Midterm 1: task35. fshafi Sun Feb 5 15:18:06 EST 2017  Total:  15 of 50



-------------------------------------------------
CS240 Midterm 1: task35. fshafi   
Sun Feb  5 17:18:05 EST 2017
-------------------------------------------------
task35 t                            : 5   of 5  
task35 ttt                          : 5   of 5  
task35 tight                        : 5   of 5  
task35 racecar                      : 5   of 5  
task35 are we not drawn onward we few drawn onward to new era : 0   of 5  
task35 armadillo ollidamra          : 5   of 5  
task35 t hiht                       : 0   of 5  
task35 tig                          : 5   of 5  
task35 t	igit                       : 0   of 5  
task35 asdfasdfasdfasdfasdffdsafdsafdsafdsafdsaG : 5   of 5  
!!!!! Don't use string library functions !!!!!
-------------------------------------------------
CS240 - Midterm 1: task35. fshafi Sun Feb 5 17:18:05 EST 2017  Total:  0 of 50



-------------------------------------------------
CS240 Midterm 1: task35. fshafi   
Sun Feb  5 17:32:34 EST 2017
-------------------------------------------------
task35 t                            : 5   of 5  
task35 ttt                          : 5   of 5  
task35 tight                        : 5   of 5  
task35 racecar                      : 5   of 5  
task35 are we not drawn onward we few drawn onward to new era : 0   of 5  
task35 armadillo ollidamra          : 0   of 5  
task35 t hiht                       : 0   of 5  
task35 tig                          : 5   of 5  
task35 t	igit                       : 0   of 5  
task35 asdfasdfasdfasdfasdffdsafdsafdsafdsafdsaG : 5   of 5  
!!!!! Don't use string library functions !!!!!
-------------------------------------------------
CS240 - Midterm 1: task35. fshafi Sun Feb 5 17:32:34 EST 2017  Total:  0 of 50



-------------------------------------------------
CS240 Midterm 1: task35. fshafi   
Sun Feb  5 17:34:43 EST 2017
-------------------------------------------------
task35 t                            : 5   of 5  
task35 ttt                          : 5   of 5  
task35 tight                        : 5   of 5  
task35 racecar                      : 5   of 5  
task35 are we not drawn onward we few drawn onward to new era : 0   of 5  
task35 armadillo ollidamra          : 5   of 5  
task35 t hiht                       : 0   of 5  
task35 tig                          : 5   of 5  
task35 t	igit                       : 0   of 5  
task35 asdfasdfasdfasdfasdffdsafdsafdsafdsafdsaG : 5   of 5  
!!!!! Don't use string library functions !!!!!
-------------------------------------------------
CS240 - Midterm 1: task35. fshafi Sun Feb 5 17:34:43 EST 2017  Total:  0 of 50



-------------------------------------------------
CS240 Midterm 1: task35. fshafi   
Sun Feb  5 17:39:42 EST 2017
-------------------------------------------------
task35 t                            : 5   of 5  
task35 ttt                          : 5   of 5  
task35 tight                        : 5   of 5  
task35 racecar                      : 5   of 5  
task35 are we not drawn onward we few drawn onward to new era : 0   of 5  
task35 armadillo ollidamra          : 0   of 5  
task35 t hiht                       : 0   of 5  
task35 tig                          : 5   of 5  
task35 t	igit                       : 0   of 5  
task35 asdfasdfasdfasdfasdffdsafdsafdsafdsafdsaG : 5   of 5  
!!!!! Don't use string library functions !!!!!
-------------------------------------------------
CS240 - Midterm 1: task35. fshafi Sun Feb 5 17:39:42 EST 2017  Total:  0 of 50



-------------------------------------------------
CS240 Midterm 1: task35. fshafi   
Sun Feb  5 17:40:12 EST 2017
-------------------------------------------------
task35 t                            : 5   of 5  
task35 ttt                          : 5   of 5  
task35 tight                        : 5   of 5  
task35 racecar                      : 5   of 5  
task35 are we not drawn onward we few drawn onward to new era : 0   of 5  
task35 armadillo ollidamra          : 0   of 5  
task35 t hiht                       : 0   of 5  
task35 tig                          : 5   of 5  
task35 t	igit                       : 0   of 5  
task35 asdfasdfasdfasdfasdffdsafdsafdsafdsafdsaG : 5   of 5  
!!!!! Don't use string library functions !!!!!
-------------------------------------------------
CS240 - Midterm 1: task35. fshafi Sun Feb 5 17:40:12 EST 2017  Total:  0 of 50



-------------------------------------------------
CS240 Midterm 1: task35. fshafi   
Sun Feb  5 17:41:32 EST 2017
-------------------------------------------------
task35 t                            : 5   of 5  
task35 ttt                          : 5   of 5  
task35 tight                        : 5   of 5  
task35 racecar                      : 5   of 5  
task35 are we not drawn onward we few drawn onward to new era : 0   of 5  
task35 armadillo ollidamra          : 0   of 5  
task35 t hiht                       : 0   of 5  
task35 tig                          : 5   of 5  
task35 t	igit                       : 0   of 5  
task35 asdfasdfasdfasdfasdffdsafdsafdsafdsafdsaG : 5   of 5  
!!!!! Don't use string library functions !!!!!
-------------------------------------------------
CS240 - Midterm 1: task35. fshafi Sun Feb 5 17:41:32 EST 2017  Total:  0 of 50



-------------------------------------------------
CS240 Midterm 1: task35. fshafi   
Sun Feb  5 17:41:55 EST 2017
-------------------------------------------------
task35 t                            : 5   of 5  
task35 ttt                          : 5   of 5  
task35 tight                        : 5   of 5  
task35 racecar                      : 5   of 5  
task35 are we not drawn onward we few drawn onward to new era : 0   of 5  
task35 armadillo ollidamra          : 5   of 5  
task35 t hiht                       : 0   of 5  
task35 tig                          : 5   of 5  
task35 t	igit                       : 0   of 5  
task35 asdfasdfasdfasdfasdffdsafdsafdsafdsafdsaG : 5   of 5  
!!!!! Don't use string library functions !!!!!
-------------------------------------------------
CS240 - Midterm 1: task35. fshafi Sun Feb 5 17:41:55 EST 2017  Total:  0 of 50



-------------------------------------------------
CS240 Midterm 1: task35. fshafi   
Sun Feb  5 17:48:07 EST 2017
-------------------------------------------------
task35 t                            : 5   of 5  
task35 ttt                          : 5   of 5  
task35 tight                        : 0   of 5  
task35 racecar                      : 5   of 5  
task35 are we not drawn onward we few drawn onward to new era : 5   of 5  
task35 armadillo ollidamra          : 5   of 5  
task35 t hiht                       : 5   of 5  
task35 tig                          : 0   of 5  
task35 t	igit                       : 5   of 5  
task35 asdfasdfasdfasdfasdffdsafdsafdsafdsafdsaG : 0   of 5  
!!!!! Don't use string library functions !!!!!
-------------------------------------------------
CS240 - Midterm 1: task35. fshafi Sun Feb 5 17:48:07 EST 2017  Total:  0 of 50



-------------------------------------------------
CS240 Midterm 1: task35. fshafi   
Sun Feb  5 17:56:00 EST 2017
-------------------------------------------------
task35 t                            : 5   of 5  
task35 ttt                          : 5   of 5  
task35 tight                        : 0   of 5  
task35 racecar                      : 5   of 5  
task35 are we not drawn onward we few drawn onward to new era : 5   of 5  
task35 armadillo ollidamra          : 5   of 5  
task35 t hiht                       : 5   of 5  
task35 tig                          : 0   of 5  
task35 t	igit                       : 5   of 5  
task35 asdfasdfasdfasdfasdffdsafdsafdsafdsafdsaG : 0   of 5  
!!!!! Don't use string library functions !!!!!
-------------------------------------------------
CS240 - Midterm 1: task35. fshafi Sun Feb 5 17:56:00 EST 2017  Total:  0 of 50



-------------------------------------------------
CS240 Midterm 1: task35. fshafi   
Sun Feb  5 21:21:42 EST 2017
-------------------------------------------------
task35 t                            : 5   of 5  
task35 ttt                          : 5   of 5  
task35 tight                        : 0   of 5  
task35 racecar                      : 5   of 5  
task35 are we not drawn onward we few drawn onward to new era : 5   of 5  
task35 armadillo ollidamra          : 5   of 5  
task35 t hiht                       : 5   of 5  
task35 tig                          : 0   of 5  
task35 t	igit                       : 5   of 5  
task35 asdfasdfasdfasdfasdffdsafdsafdsafdsafdsaG : 0   of 5  
-------------------------------------------------
CS240 - Midterm 1: task35. fshafi Sun Feb 5 21:21:42 EST 2017  Total:  35 of 50



-------------------------------------------------
CS240 Midterm 1: task35. fshafi   
Sun Feb  5 21:43:36 EST 2017
-------------------------------------------------
task35 t                            : 5   of 5  
task35 ttt                          : 5   of 5  
task35 tight                        : 0   of 5  
task35 racecar                      : 5   of 5  
task35 are we not drawn onward we few drawn onward to new era : 5   of 5  
task35 armadillo ollidamra          : 5   of 5  
task35 t hiht                       : 5   of 5  
task35 tig                          : 0   of 5  
task35 t	igit                       : 5   of 5  
task35 asdfasdfasdfasdfasdffdsafdsafdsafdsafdsaG : 0   of 5  
-------------------------------------------------
CS240 - Midterm 1: task35. fshafi Sun Feb 5 21:43:36 EST 2017  Total:  35 of 50



-------------------------------------------------
CS240 Midterm 1: task35. fshafi   
Sun Feb  5 21:57:16 EST 2017
-------------------------------------------------
task35 t                            : 5   of 5  
task35 ttt                          : 5   of 5  
task35 tight                        : 5   of 5  
task35 racecar                      : 5   of 5  
task35 are we not drawn onward we few drawn onward to new era : 5   of 5  
task35 armadillo ollidamra          : 5   of 5  
task35 t hiht                       : 5   of 5  
task35 tig                          : 5   of 5  
task35 t	igit                       : 0   of 5  
task35 asdfasdfasdfasdfasdffdsafdsafdsafdsafdsaG : 5   of 5  
-------------------------------------------------
CS240 - Midterm 1: task35. fshafi Sun Feb 5 21:57:16 EST 2017  Total:  45 of 50



-------------------------------------------------
CS240 Midterm 1: task35. fshafi   
Mon Feb  6 14:23:33 EST 2017
-------------------------------------------------
task35 t                            : 5   of 5  
task35 ttt                          : 5   of 5  
task35 tight                        : 5   of 5  
task35 racecar                      : 5   of 5  
task35 are we not drawn onward we few drawn onward to new era : 5   of 5  
task35 armadillo ollidamra          : 5   of 5  
task35 t hiht                       : 5   of 5  
task35 tig                          : 5   of 5  
task35 t	igit                       : 0   of 5  
task35 asdfasdfasdfasdfasdffdsafdsafdsafdsafdsaG : 5   of 5  
-------------------------------------------------
CS240 - Midterm 1: task35. fshafi Mon Feb 6 14:23:33 EST 2017  Total:  45 of 50



-------------------------------------------------
CS240 Midterm 1: task35. fshafi   
Mon Feb  6 14:31:13 EST 2017
-------------------------------------------------
task35 t                            : 5   of 5  
task35 ttt                          : 5   of 5  
task35 tight                        : 5   of 5  
task35 racecar                      : 5   of 5  
task35 are we not drawn onward we few drawn onward to new era : 5   of 5  
task35 armadillo ollidamra          : 5   of 5  
task35 t hiht                       : 5   of 5  
task35 tig                          : 5   of 5  
task35 t	igit                       : 0   of 5  
task35 asdfasdfasdfasdfasdffdsafdsafdsafdsafdsaG : 5   of 5  
-------------------------------------------------
CS240 - Midterm 1: task35. fshafi Mon Feb 6 14:31:13 EST 2017  Total:  45 of 50



-------------------------------------------------
CS240 Midterm 1: task35. fshafi   
Mon Feb  6 14:50:03 EST 2017
-------------------------------------------------
task35 t                            : 5   of 5  
task35 ttt                          : 5   of 5  
task35 tight                        : 5   of 5  
task35 racecar                      : 5   of 5  
task35 are we not drawn onward we few drawn onward to new era : 5   of 5  
task35 armadillo ollidamra          : 5   of 5  
task35 t hiht                       : 5   of 5  
task35 tig                          : 5   of 5  
task35 t	igit                       : 0   of 5  
task35 asdfasdfasdfasdfasdffdsafdsafdsafdsafdsaG : 5   of 5  
-------------------------------------------------
CS240 - Midterm 1: task35. fshafi Mon Feb 6 14:50:03 EST 2017  Total:  45 of 50



-------------------------------------------------
CS240 Midterm 1: task35. fshafi   
Mon Feb  6 14:53:07 EST 2017
-------------------------------------------------
task35 t                            : 5   of 5  
task35 ttt                          : 5   of 5  
task35 tight                        : 5   of 5  
task35 racecar                      : 5   of 5  
task35 are we not drawn onward we few drawn onward to new era : 0   of 5  
task35 armadillo ollidamra          : 5   of 5  
task35 t hiht                       : 0   of 5  
task35 tig                          : 5   of 5  
task35 t	igit                       : 0   of 5  
task35 asdfasdfasdfasdfasdffdsafdsafdsafdsafdsaG : 5   of 5  
-------------------------------------------------
CS240 - Midterm 1: task35. fshafi Mon Feb 6 14:53:07 EST 2017  Total:  35 of 50



-------------------------------------------------
CS240 Midterm 1: task35. fshafi   
Mon Feb  6 14:54:50 EST 2017
-------------------------------------------------
task35 t                            : 0   of 5  
task35 ttt                          : 0   of 5  
task35 tight                        : 0   of 5  
task35 racecar                      : 0   of 5  
task35 are we not drawn onward we few drawn onward to new era : 0   of 5  
task35 armadillo ollidamra          : 0   of 5  
task35 t hiht                       : 0   of 5  
task35 tig                          : 0   of 5  
task35 t	igit                       : 0   of 5  
task35 asdfasdfasdfasdfasdffdsafdsafdsafdsafdsaG : 0   of 5  
-------------------------------------------------
CS240 - Midterm 1: task35. fshafi Mon Feb 6 14:54:50 EST 2017  Total:  0 of 50



-------------------------------------------------
CS240 Midterm 1: task35. fshafi   
Mon Feb  6 14:55:57 EST 2017
-------------------------------------------------
task35 t                            : 0   of 5  
task35 ttt                          : 0   of 5  
task35 tight                        : 0   of 5  
task35 racecar                      : 0   of 5  
task35 are we not drawn onward we few drawn onward to new era : 0   of 5  
task35 armadillo ollidamra          : 0   of 5  
task35 t hiht                       : 0   of 5  
task35 tig                          : 0   of 5  
task35 t	igit                       : 0   of 5  
task35 asdfasdfasdfasdfasdffdsafdsafdsafdsafdsaG : 0   of 5  
-------------------------------------------------
CS240 - Midterm 1: task35. fshafi Mon Feb 6 14:55:57 EST 2017  Total:  0 of 50



-------------------------------------------------
CS240 Midterm 1: task35. fshafi   
Mon Feb  6 14:56:31 EST 2017
-------------------------------------------------
task35 t                            : 5   of 5  
task35 ttt                          : 5   of 5  
task35 tight                        : 5   of 5  
task35 racecar                      : 5   of 5  
task35 are we not drawn onward we few drawn onward to new era : 5   of 5  
task35 armadillo ollidamra          : 5   of 5  
task35 t hiht                       : 5   of 5  
task35 tig                          : 5   of 5  
task35 t	igit                       : 5   of 5  
task35 asdfasdfasdfasdfasdffdsafdsafdsafdsafdsaG : 5   of 5  
-------------------------------------------------
CS240 - Midterm 1: task35. fshafi Mon Feb 6 14:56:31 EST 2017  Total:  50 of 50



-------------------------------------------------
CS240 Midterm 1: task35. fshafi   
Tue Feb  7 16:44:00 EST 2017
-------------------------------------------------
task35 t                            : 5   of 5  
task35 ttt                          : 5   of 5  
task35 tight                        : 5   of 5  
task35 racecar                      : 5   of 5  
task35 are we not drawn onward we few drawn onward to new era : 5   of 5  
task35 armadillo ollidamra          : 5   of 5  
task35 t hiht                       : 5   of 5  
task35 tig                          : 5   of 5  
task35 t	igit                       : 5   of 5  
task35 asdfasdfasdfasdfasdffdsafdsafdsafdsafdsaG : 5   of 5  
-------------------------------------------------
CS240 - Midterm 1: task35. fshafi Tue Feb 7 16:44:00 EST 2017  Total:  50 of 50



-------------------------------------------------
CS240 Midterm 1: task35. fshafi   
Tue Feb  7 21:41:23 EST 2017
-------------------------------------------------
task35 t                            : 5   of 5  
task35 ttt                          : 5   of 5  
task35 tight                        : 5   of 5  
task35 racecar                      : 5   of 5  
task35 are we not drawn onward we few drawn onward to new era : 5   of 5  
task35 armadillo ollidamra          : 5   of 5  
task35 t hiht                       : 5   of 5  
task35 tig                          : 5   of 5  
task35 t	igit                       : 5   of 5  
task35 asdfasdfasdfasdfasdffdsafdsafdsafdsafdsaG : 5   of 5  
-------------------------------------------------
CS240 - Midterm 1: task35. fshafi Tue Feb 7 21:41:23 EST 2017  Total:  50 of 50



-------------------------------------------------
CS240 Midterm 1: task35. fshafi   
Wed Feb  8 14:10:35 EST 2017
-------------------------------------------------
task35 t                            : 5   of 5  
task35 ttt                          : 5   of 5  
task35 tight                        : 5   of 5  
task35 racecar                      : 5   of 5  
task35 are we not drawn onward we few drawn onward to new era : 5   of 5  
task35 armadillo ollidamra          : 5   of 5  
task35 t hiht                       : 5   of 5  
task35 tig                          : 5   of 5  
task35 t	igit                       : 5   of 5  
task35 asdfasdfasdfasdfasdffdsafdsafdsafdsafdsaG : 5   of 5  
-------------------------------------------------
CS240 - Midterm 1: task35. fshafi Wed Feb 8 14:10:35 EST 2017  Total:  50 of 50



-------------------------------------------------
CS240 Midterm 1: task35. fshafi   
Wed Feb  8 14:34:46 EST 2017
-------------------------------------------------
task35 t                            : 5   of 5  
task35 ttt                          : 5   of 5  
task35 tight                        : 5   of 5  
task35 racecar                      : 5   of 5  
task35 are we not drawn onward we few drawn onward to new era : 5   of 5  
task35 armadillo ollidamra          : 5   of 5  
task35 t hiht                       : 5   of 5  
task35 tig                          : 5   of 5  
task35 t	igit                       : 5   of 5  
task35 asdfasdfasdfasdfasdffdsafdsafdsafdsafdsaG : 5   of 5  
-------------------------------------------------
CS240 - Midterm 1: task35. fshafi Wed Feb 8 14:34:46 EST 2017  Total:  50 of 50

