CS240: Exam2. pheldrin Thu Oct 15 12:42:16 EDT 2015  Total:  15 of 15
15
15
CS240: Exam2. pheldrin Thu Oct 15 13:06:45 EDT 2015  Total:  15 of 24
15
24
CS240: Exam2. pheldrin Thu Oct 15 13:07:36 EDT 2015  Total:  24 of 24
24
24
CS240: Exam2. pheldrin Thu Oct 15 13:08:54 EDT 2015  Total:  24 of 24
24
24
CS240: Exam2. pheldrin Thu Oct 15 13:10:01 EDT 2015  Total:  12 of 12
12
12
CS240: Exam2. pheldrin Thu Oct 15 13:10:23 EDT 2015  Total:  24 of 24
24
24
CS240: Exam2. pheldrin Thu Oct 15 13:11:57 EDT 2015  Total:  24 of 24
24
24
CS240: Exam2. pheldrin Thu Oct 15 13:14:18 EDT 2015  Total:  24 of 24
24
24
CS240: Exam2. pheldrin Thu Oct 15 14:51:52 EDT 2015  Total:  24 of 24
24
24
CS240: Exam2. pheldrin Thu Oct 15 21:43:41 EDT 2015  Total:  24 of 24
24
24
CS240: Exam2. pheldrin Thu Oct 15 21:49:10 EDT 2015  Total:  24 of 24
24
24
CS240: Exam2. pheldrin Thu Oct 15 21:49:42 EDT 2015  Total:  24 of 24
24
24
CS240: Exam2. pheldrin Thu Oct 15 21:51:25 EDT 2015  Total:  24 of 24
24
24
CS240: Exam2. pheldrin Thu Oct 15 21:51:59 EDT 2015  Total:  24 of 24
24
24
CS240: Exam2. pheldrin Thu Oct 15 21:53:28 EDT 2015  Total:  24 of 24
24
24
CS240: Exam2. pheldrin Fri Oct 16 02:36:20 EDT 2015  Total:  24 of 24
24
24
CS240: Exam2. pheldrin Fri Oct 16 21:47:52 EDT 2015  Total:  18 of 24
18
24
CS240: Exam2. pheldrin Fri Oct 16 21:48:33 EDT 2015  Total:  24 of 24
24
24
CS240: Exam2. pheldrin Sun Oct 18 00:27:34 EDT 2015  Total:  24 of 24
24
24
CS240: Exam2. pheldrin Sun Oct 18 00:27:39 EDT 2015  Total:  24 of 24
24
24
CS240: Exam2. pheldrin Sun Oct 18 16:24:48 EDT 2015  Total:  24 of 24
24
24
CS240: Exam2. pheldrin Sun Oct 18 17:45:27 EDT 2015  Total:  24 of 24
24
24
CS240: Exam2. pheldrin Sun Oct 18 19:29:30 EDT 2015  Total:  24 of 24
24
24
CS240: Exam2. pheldrin Sun Oct 18 19:37:59 EDT 2015  Total:  24 of 24
24
24
CS240: Exam2. pheldrin Sun Oct 18 19:41:04 EDT 2015  Total:  24 of 24
24
24
CS240: Exam2. pheldrin Sun Oct 18 23:58:20 EDT 2015  Total:  24 of 24
24
24
CS240: Exam2. pheldrin Mon Oct 19 00:02:02 EDT 2015  Total:  24 of 24
24
24
CS240: Exam2. pheldrin Mon Oct 19 00:02:18 EDT 2015  Total:  24 of 24
24
24
CS240: Exam2. pheldrin Mon Oct 19 00:06:43 EDT 2015  Total:  24 of 24
24
24
CS240: Exam2. pheldrin Mon Oct 19 00:08:21 EDT 2015  Total:  24 of 24
24
24
CS240: Exam2. cs240 Mon Oct 19 02:25:21 EDT 2015  Total:  24 of 24
24
24
CS240: Exam2. cs240 Mon Oct 19 02:26:00 EDT 2015  Total:  30 of 30
30
30
CS240: Exam2. cs240 Mon Oct 19 02:28:28 EDT 2015  Total:  30 of 30
30
30
CS240: Exam2. cs240 Mon Oct 19 04:40:23 EDT 2015  Total:  3 of 30
3
30
CS240: Exam2. cs240 Mon Oct 19 04:44:18 EDT 2015  Total:  3 of 30
3
30
CS240: Exam2. cs240 Mon Oct 19 04:47:59 EDT 2015  Total:  3 of 30
3
30
CS240: Exam2. cs240 Mon Oct 19 04:53:56 EDT 2015  Total:  3 of 30
3
30
CS240: Exam2. cs240 Mon Oct 19 12:56:56 EDT 2015  Total:  3 of 30
3
30
CS240: Exam2. fshafi Thu Mar 9 13:46:58 EST 2017  Total:  3 of 30
3
30
CS240: Exam2. fshafi Mon Mar 13 01:37:14 EDT 2017  Total:  9 of 30
9
30
CS240: Exam2. fshafi Mon Mar 13 01:41:39 EDT 2017  Total:  9 of 30
9
30
CS240: Exam2. fshafi Mon Mar 13 01:42:14 EDT 2017  Total:  9 of 30
9
30
CS240: Exam2. fshafi Mon Mar 13 01:47:48 EDT 2017  Total:  15 of 30
15
30
CS240: Exam2. fshafi Mon Mar 13 01:51:12 EDT 2017  Total:  15 of 30
15
30
CS240: Exam2. fshafi Mon Mar 13 01:51:46 EDT 2017  Total:  15 of 30
15
30
CS240: Exam2. fshafi Mon Mar 13 01:52:57 EDT 2017  Total:  15 of 30
15
30
CS240: Exam2. fshafi Mon Mar 13 01:57:14 EDT 2017  Total:  15 of 30
15
30
CS240: Exam2. fshafi Mon Mar 13 02:05:43 EDT 2017  Total:  15 of 30
15
30
CS240: Exam2. fshafi Mon Mar 13 02:07:59 EDT 2017  Total:  15 of 30
15
30
CS240: Exam2. fshafi Mon Mar 13 02:16:41 EDT 2017  Total:  24 of 30
24
30
CS240: Exam2. fshafi Mon Mar 13 02:18:29 EDT 2017  Total:  18 of 30
18
30
CS240: Exam2. fshafi Mon Mar 13 02:22:57 EDT 2017  Total:  24 of 30
24
30
CS240: Exam2. fshafi Mon Mar 13 02:43:58 EDT 2017  Total:  24 of 30
24
30
CS240: Exam2. fshafi Mon Mar 13 02:45:08 EDT 2017  Total:  24 of 30
24
30
CS240: Exam2. fshafi Mon Mar 13 23:51:45 EDT 2017  Total:  24 of 30
24
30
CS240: Exam2. fshafi Tue Mar 14 00:00:22 EDT 2017  Total:  24 of 30
24
30
CS240: Exam2. fshafi Tue Mar 14 00:08:35 EDT 2017  Total:  24 of 30
24
30
CS240: Exam2. fshafi Tue Mar 14 00:19:46 EDT 2017  Total:  24 of 30
24
30
CS240: Exam2. fshafi Tue Mar 14 00:21:17 EDT 2017  Total:  27 of 30
27
30
CS240: Exam2. fshafi Tue Mar 14 00:35:06 EDT 2017  Total:  27 of 30
27
30
CS240: Exam2. fshafi Tue Mar 14 04:59:30 EDT 2017  Total:  30 of 30
30
30
CS240: Exam2. fshafi Thu Mar 16 03:35:51 EDT 2017  Total:  30 of 30
30
30
CS240: Exam2. fshafi Fri Mar 17 00:48:31 EDT 2017  Total:  30 of 30
30
30
CS240: Exam2. fshafi Mon Mar 20 10:39:24 EDT 2017  Total:  30 of 30
30
30
CS240: Exam2. fshafi Mon Mar 20 18:49:07 EDT 2017  Total:  30 of 30
30
30
