CS240: Exam2. pheldrin Fri Oct 16 02:35:47 EDT 2015  Total:  24 of 24
24
24
CS240: Exam2. pheldrin Fri Oct 16 02:36:21 EDT 2015  Total:  24 of 24
24
24
CS240: Exam2. pheldrin Fri Oct 16 02:36:43 EDT 2015  Total:  24 of 24
24
24
CS240: Exam2. pheldrin Sun Oct 18 00:27:35 EDT 2015  Total:  24 of 24
24
24
CS240: Exam2. pheldrin Sun Oct 18 16:37:54 EDT 2015  Total:  24 of 24
24
24
CS240: Exam2. pheldrin Sun Oct 18 16:38:34 EDT 2015  Total:  24 of 24
24
24
CS240: Exam2. pheldrin Sun Oct 18 16:38:55 EDT 2015  Total:  24 of 24
24
24
CS240: Exam2. pheldrin Sun Oct 18 16:39:20 EDT 2015  Total:  24 of 24
24
24
CS240: Exam2. pheldrin Sun Oct 18 16:39:38 EDT 2015  Total:  24 of 24
24
24
CS240: Exam2. pheldrin Sun Oct 18 17:36:05 EDT 2015  Total:  24 of 24
24
24
CS240: Exam2. pheldrin Sun Oct 18 19:29:30 EDT 2015  Total:  24 of 24
24
24
CS240: Exam2. pheldrin Sun Oct 18 19:41:04 EDT 2015  Total:  24 of 24
24
24
CS240: Exam2. pheldrin Mon Oct 19 00:08:22 EDT 2015  Total:  24 of 24
24
24
CS240: Exam2. cs240 Mon Oct 19 02:25:22 EDT 2015  Total:  24 of 24
24
24
CS240: Exam2. cs240 Mon Oct 19 02:27:00 EDT 2015  Total:  24 of 24
24
24
CS240: Exam2. cs240 Mon Oct 19 02:27:09 EDT 2015  Total:  26 of 26
26
26
CS240: Exam2. cs240 Mon Oct 19 02:27:34 EDT 2015  Total:  30 of 30
30
30
CS240: Exam2. cs240 Mon Oct 19 02:27:53 EDT 2015  Total:  30 of 30
30
30
CS240: Exam2. cs240 Mon Oct 19 02:28:29 EDT 2015  Total:  20 of 20
20
20
CS240: Exam2. cs240 Mon Oct 19 04:35:36 EDT 2015  Total:  20 of 20
20
20
CS240: Exam2. cs240 Mon Oct 19 04:43:03 EDT 2015  Total:  0 of 20
0
20
CS240: Exam2. cs240 Mon Oct 19 04:44:19 EDT 2015  Total:  0 of 20
0
20
CS240: Exam2. cs240 Mon Oct 19 04:48:00 EDT 2015  Total:  0 of 20
0
20
CS240: Exam2. cs240 Mon Oct 19 04:53:57 EDT 2015  Total:  0 of 20
0
20
CS240: Exam2. cs240 Mon Oct 19 12:58:09 EDT 2015  Total:  0 of 20
0
20
CS240: Exam2. fshafi Thu Mar 9 13:46:59 EST 2017  Total:  0 of 20
0
20
CS240: Exam2. fshafi Wed Mar 15 00:58:10 EDT 2017  Total:  0 of 20
0
20
CS240: Exam2. fshafi Wed Mar 15 00:59:34 EDT 2017  Total:  5 of 20
5
20
CS240: Exam2. fshafi Wed Mar 15 01:08:04 EDT 2017  Total:  5 of 20
5
20
CS240: Exam2. fshafi Wed Mar 15 01:10:13 EDT 2017  Total:  5 of 20
5
20
CS240: Exam2. fshafi Wed Mar 15 01:11:18 EDT 2017  Total:  5 of 20
5
20
CS240: Exam2. fshafi Wed Mar 15 01:23:20 EDT 2017  Total:  5 of 20
5
20
CS240: Exam2. fshafi Wed Mar 15 01:25:36 EDT 2017  Total:  5 of 20
5
20
CS240: Exam2. fshafi Wed Mar 15 01:27:55 EDT 2017  Total:  5 of 20
5
20
CS240: Exam2. fshafi Wed Mar 15 01:34:23 EDT 2017  Total:  10 of 20
10
20
CS240: Exam2. fshafi Wed Mar 15 01:42:55 EDT 2017  Total:  15 of 20
15
20
CS240: Exam2. fshafi Thu Mar 16 02:27:15 EDT 2017  Total:  15 of 20
15
20
CS240: Exam2. fshafi Thu Mar 16 02:43:36 EDT 2017  Total:  15 of 20
15
20
CS240: Exam2. fshafi Thu Mar 16 02:49:07 EDT 2017  Total:  15 of 20
15
20
CS240: Exam2. fshafi Thu Mar 16 03:35:51 EDT 2017  Total:  15 of 20
15
20
CS240: Exam2. fshafi Thu Mar 16 13:19:00 EDT 2017  Total:  15 of 20
15
20
CS240: Exam2. fshafi Thu Mar 16 13:24:03 EDT 2017  Total:  15 of 20
15
20
CS240: Exam2. fshafi Thu Mar 16 13:25:44 EDT 2017  Total:  15 of 20
15
20
CS240: Exam2. fshafi Thu Mar 16 13:31:45 EDT 2017  Total:  15 of 20
15
20
CS240: Exam2. fshafi Thu Mar 16 13:36:29 EDT 2017  Total:  15 of 20
15
20
CS240: Exam2. fshafi Fri Mar 17 00:36:34 EDT 2017  Total:  15 of 20
15
20
CS240: Exam2. fshafi Fri Mar 17 00:40:44 EDT 2017  Total:  15 of 20
15
20
CS240: Exam2. fshafi Fri Mar 17 00:43:21 EDT 2017  Total:  15 of 20
15
20
CS240: Exam2. fshafi Fri Mar 17 00:45:48 EDT 2017  Total:  15 of 20
15
20
CS240: Exam2. fshafi Fri Mar 17 00:47:07 EDT 2017  Total:  20 of 20
20
20
CS240: Exam2. fshafi Fri Mar 17 00:48:31 EDT 2017  Total:  20 of 20
20
20
CS240: Exam2. fshafi Fri Mar 17 00:53:31 EDT 2017  Total:  20 of 20
20
20
CS240: Exam2. fshafi Mon Mar 20 10:39:25 EDT 2017  Total:  20 of 20
20
20
CS240: Exam2. fshafi Mon Mar 20 18:49:08 EDT 2017  Total:  20 of 20
20
20
