

-------------------------------------------------
CS240 Midterm 1: emptyLineCount. nguye225   
Tue Feb 23 15:45:28 EST 2016
-------------------------------------------------
task29  : test1                          0   of 5  
task29  : test2                          0   of 5  
task29  : test3                          0   of 5  
task29  : test4                          5   of 5  
task29  : test5                          0   of 5  
task29  : test6                          0   of 5  
-------------------------------------------------
CS240 - Midterm 1: emptyLineCount. nguye225 Tue Feb 23 15:45:28 EST 2016  Total:  5 of 30



-------------------------------------------------
CS240 Midterm 1: emptyLineCount. nguye225   
Tue Feb 23 15:46:04 EST 2016
-------------------------------------------------
task29  : test1                          0   of 5  
task29  : test2                          0   of 5  
task29  : test3                          0   of 5  
task29  : test4                          5   of 5  
task29  : test5                          0   of 5  
task29  : test6                          0   of 5  
-------------------------------------------------
CS240 - Midterm 1: emptyLineCount. nguye225 Tue Feb 23 15:46:04 EST 2016  Total:  5 of 30



-------------------------------------------------
CS240 Midterm 1: emptyLineCount. nguye225   
Tue Feb 23 16:16:55 EST 2016
-------------------------------------------------
task29  : test1                          0   of 5  
task29  : test2                          0   of 5  
task29  : test3                          0   of 5  
task29  : test4                          5   of 5  
task29  : test5                          0   of 5  
task29  : test6                          0   of 5  
-------------------------------------------------
CS240 - Midterm 1: emptyLineCount. nguye225 Tue Feb 23 16:16:55 EST 2016  Total:  5 of 30



-------------------------------------------------
CS240 Midterm 1: emptyLineCount. nguye225   
Tue Feb 23 16:24:24 EST 2016
-------------------------------------------------
task29  : test1                          0   of 5  
task29  : test2                          0   of 5  
task29  : test3                          0   of 5  
task29  : test4                          5   of 5  
task29  : test5                          0   of 5  
task29  : test6                          0   of 5  
-------------------------------------------------
CS240 - Midterm 1: emptyLineCount. nguye225 Tue Feb 23 16:24:24 EST 2016  Total:  5 of 30



-------------------------------------------------
CS240 Midterm 1: emptyLineCount. nguye225   
Tue Feb 23 16:26:35 EST 2016
-------------------------------------------------
task29  : test1                          5   of 5  
task29  : test2                          5   of 5  
task29  : test3                          5   of 5  
task29  : test4                          5   of 5  
task29  : test5                          5   of 5  
task29  : test6                          5   of 5  
-------------------------------------------------
CS240 - Midterm 1: emptyLineCount. nguye225 Tue Feb 23 16:26:35 EST 2016  Total:  30 of 30



-------------------------------------------------
CS240 Midterm 1: emptyLineCount. nguye225   
Tue Feb 23 16:26:53 EST 2016
-------------------------------------------------
task29  : test1                          5   of 5  
task29  : test2                          5   of 5  
task29  : test3                          5   of 5  
task29  : test4                          5   of 5  
task29  : test5                          5   of 5  
task29  : test6                          5   of 5  
-------------------------------------------------
CS240 - Midterm 1: emptyLineCount. nguye225 Tue Feb 23 16:26:53 EST 2016  Total:  30 of 30



-------------------------------------------------
CS240 Midterm 1: emptyLineCount. nguye225   
Tue Feb 23 16:27:01 EST 2016
-------------------------------------------------
task29  : test1                          5   of 5  
task29  : test2                          5   of 5  
task29  : test3                          5   of 5  
task29  : test4                          5   of 5  
task29  : test5                          5   of 5  
task29  : test6                          5   of 5  
-------------------------------------------------
CS240 - Midterm 1: emptyLineCount. nguye225 Tue Feb 23 16:27:01 EST 2016  Total:  30 of 30



-------------------------------------------------
CS240 Midterm 1: emptyLineCount. cs240   
Mon Jan 30 22:26:59 EST 2017
-------------------------------------------------
task29  : test1                          0   of 5  
task29  : test2                          0   of 5  
task29  : test3                          0   of 5  
task29  : test4                          5   of 5  
task29  : test5                          0   of 5  
task29  : test6                          0   of 5  
-------------------------------------------------
CS240 - Midterm 1: emptyLineCount. cs240 Mon Jan 30 22:26:59 EST 2017  Total:  5 of 30



-------------------------------------------------
CS240 Midterm 1: emptyLineCount. cs240   
Mon Jan 30 22:27:44 EST 2017
-------------------------------------------------
task29  : test1                          0   of 5  
task29  : test2                          0   of 5  
task29  : test3                          0   of 5  
task29  : test4                          5   of 5  
task29  : test5                          0   of 5  
task29  : test6                          0   of 5  
-------------------------------------------------
CS240 - Midterm 1: emptyLineCount. cs240 Mon Jan 30 22:27:44 EST 2017  Total:  5 of 30



-------------------------------------------------
CS240 Midterm 1: emptyLineCount. cs240   
Mon Jan 30 22:30:34 EST 2017
-------------------------------------------------
task29  : test1                          0   of 5  
task29  : test2                          0   of 5  
task29  : test3                          0   of 5  
task29  : test4                          5   of 5  
task29  : test5                          0   of 5  
task29  : test6                          0   of 5  
-------------------------------------------------
CS240 - Midterm 1: emptyLineCount. cs240 Mon Jan 30 22:30:34 EST 2017  Total:  5 of 30



-------------------------------------------------
CS240 Midterm 1: emptyLineCount. cs240   
Mon Jan 30 22:37:46 EST 2017
-------------------------------------------------
task29  : test1                          0   of 5  
task29  : test2                          0   of 5  
task29  : test3                          0   of 5  
task29  : test4                          5   of 5  
task29  : test5                          0   of 5  
task29  : test6                          0   of 5  
-------------------------------------------------
CS240 - Midterm 1: emptyLineCount. cs240 Mon Jan 30 22:37:46 EST 2017  Total:  5 of 30



-------------------------------------------------
CS240 Midterm 1: emptyLineCount. cs240   
Mon Jan 30 22:40:44 EST 2017
-------------------------------------------------
task29  : test1                          0   of 5  
task29  : test2                          0   of 5  
task29  : test3                          0   of 5  
task29  : test4                          5   of 5  
task29  : test5                          0   of 5  
task29  : test6                          0   of 5  
-------------------------------------------------
CS240 - Midterm 1: emptyLineCount. cs240 Mon Jan 30 22:40:44 EST 2017  Total:  5 of 30



-------------------------------------------------
CS240 Midterm 1: emptyLineCount. cs240   
Mon Jan 30 22:41:11 EST 2017
-------------------------------------------------
task29  : test1                          0   of 5  
task29  : test2                          0   of 5  
task29  : test3                          0   of 5  
task29  : test4                          5   of 5  
task29  : test5                          0   of 5  
task29  : test6                          0   of 5  
-------------------------------------------------
CS240 - Midterm 1: emptyLineCount. cs240 Mon Jan 30 22:41:11 EST 2017  Total:  5 of 30



-------------------------------------------------
CS240 Midterm 1: emptyLineCount. cs240   
Mon Jan 30 22:41:45 EST 2017
-------------------------------------------------
task29  : test1                          0   of 5  
task29  : test2                          0   of 5  
task29  : test3                          0   of 5  
task29  : test4                          5   of 5  
task29  : test5                          0   of 5  
task29  : test6                          0   of 5  
-------------------------------------------------
CS240 - Midterm 1: emptyLineCount. cs240 Mon Jan 30 22:41:45 EST 2017  Total:  5 of 30



-------------------------------------------------
CS240 Midterm 1: emptyLineCount. cs240   
Mon Jan 30 22:42:29 EST 2017
-------------------------------------------------
task29  : test1                          0   of 5  
task29  : test2                          0   of 5  
task29  : test3                          0   of 5  
task29  : test4                          5   of 5  
task29  : test5                          0   of 5  
task29  : test6                          0   of 5  
-------------------------------------------------
CS240 - Midterm 1: emptyLineCount. cs240 Mon Jan 30 22:42:29 EST 2017  Total:  5 of 30



-------------------------------------------------
CS240 Midterm 1: emptyLineCount. cs240   
Mon Jan 30 22:42:49 EST 2017
-------------------------------------------------
task29  : test1                          0   of 5  
task29  : test2                          0   of 5  
task29  : test3                          0   of 5  
task29  : test4                          5   of 5  
task29  : test5                          0   of 5  
task29  : test6                          0   of 5  
-------------------------------------------------
CS240 - Midterm 1: emptyLineCount. cs240 Mon Jan 30 22:42:49 EST 2017  Total:  5 of 30



-------------------------------------------------
CS240 Midterm 1: emptyLineCount. fshafi   
Sun Feb  5 13:49:09 EST 2017
-------------------------------------------------
task29  : test1                          0   of 5  
task29  : test2                          0   of 5  
task29  : test3                          0   of 5  
task29  : test4                          5   of 5  
task29  : test5                          0   of 5  
task29  : test6                          0   of 5  
-------------------------------------------------
CS240 - Midterm 1: emptyLineCount. fshafi Sun Feb 5 13:49:09 EST 2017  Total:  5 of 30



-------------------------------------------------
CS240 Midterm 1: emptyLineCount. fshafi   
Sun Feb  5 15:18:06 EST 2017
-------------------------------------------------
task29  : test1                          0   of 5  
task29  : test2                          0   of 5  
task29  : test3                          0   of 5  
task29  : test4                          5   of 5  
task29  : test5                          0   of 5  
task29  : test6                          0   of 5  
-------------------------------------------------
CS240 - Midterm 1: emptyLineCount. fshafi Sun Feb 5 15:18:06 EST 2017  Total:  5 of 30



-------------------------------------------------
CS240 Midterm 1: emptyLineCount. fshafi   
Sun Feb  5 15:32:50 EST 2017
-------------------------------------------------
task29  : test1                          0   of 5  
task29  : test2                          0   of 5  
task29  : test3                          0   of 5  
task29  : test4                          0   of 5  
task29  : test5                          0   of 5  
task29  : test6                          0   of 5  
-------------------------------------------------
CS240 - Midterm 1: emptyLineCount. fshafi Sun Feb 5 15:32:50 EST 2017  Total:  0 of 30



-------------------------------------------------
CS240 Midterm 1: emptyLineCount. fshafi   
Sun Feb  5 15:55:12 EST 2017
-------------------------------------------------
task29  : test1                          0   of 5  
task29  : test2                          0   of 5  
task29  : test3                          0   of 5  
task29  : test4                          0   of 5  
task29  : test5                          0   of 5  
task29  : test6                          0   of 5  
-------------------------------------------------
CS240 - Midterm 1: emptyLineCount. fshafi Sun Feb 5 15:55:12 EST 2017  Total:  0 of 30



-------------------------------------------------
CS240 Midterm 1: emptyLineCount. fshafi   
Sun Feb  5 16:01:27 EST 2017
-------------------------------------------------
task29  : test1                          5   of 5  
task29  : test2                          0   of 5  
task29  : test3                          0   of 5  
task29  : test4                          5   of 5  
task29  : test5                          0   of 5  
task29  : test6                          5   of 5  
-------------------------------------------------
CS240 - Midterm 1: emptyLineCount. fshafi Sun Feb 5 16:01:27 EST 2017  Total:  15 of 30



-------------------------------------------------
CS240 Midterm 1: emptyLineCount. fshafi   
Sun Feb  5 16:57:30 EST 2017
-------------------------------------------------
-------------------------------------------------
CS240 - Midterm 1: emptyLineCount. fshafi Sun Feb 5 16:57:30 EST 2017  Total:  0 of 30



-------------------------------------------------
CS240 Midterm 1: emptyLineCount. fshafi   
Sun Feb  5 16:58:19 EST 2017
-------------------------------------------------
-------------------------------------------------
CS240 - Midterm 1: emptyLineCount. fshafi Sun Feb 5 16:58:19 EST 2017  Total:  0 of 30



-------------------------------------------------
CS240 Midterm 1: emptyLineCount. fshafi   
Sun Feb  5 16:59:29 EST 2017
-------------------------------------------------
task29  : test1                          5   of 5  
task29  : test2                          0   of 5  
task29  : test3                          0   of 5  
task29  : test4                          5   of 5  
task29  : test5                          0   of 5  
task29  : test6                          5   of 5  
-------------------------------------------------
CS240 - Midterm 1: emptyLineCount. fshafi Sun Feb 5 16:59:29 EST 2017  Total:  15 of 30



-------------------------------------------------
CS240 Midterm 1: emptyLineCount. fshafi   
Sun Feb  5 17:56:00 EST 2017
-------------------------------------------------
task29  : test1                          5   of 5  
task29  : test2                          0   of 5  
task29  : test3                          0   of 5  
task29  : test4                          5   of 5  
task29  : test5                          0   of 5  
task29  : test6                          5   of 5  
-------------------------------------------------
CS240 - Midterm 1: emptyLineCount. fshafi Sun Feb 5 17:56:00 EST 2017  Total:  15 of 30



-------------------------------------------------
CS240 Midterm 1: emptyLineCount. fshafi   
Sun Feb  5 21:20:07 EST 2017
-------------------------------------------------
task29  : test1                          5   of 5  
task29  : test2                          0   of 5  
task29  : test3                          0   of 5  
task29  : test4                          5   of 5  
task29  : test5                          0   of 5  
task29  : test6                          5   of 5  
-------------------------------------------------
CS240 - Midterm 1: emptyLineCount. fshafi Sun Feb 5 21:20:07 EST 2017  Total:  15 of 30



-------------------------------------------------
CS240 Midterm 1: emptyLineCount. fshafi   
Mon Feb  6 14:23:33 EST 2017
-------------------------------------------------
task29  : test1                          5   of 5  
task29  : test2                          0   of 5  
task29  : test3                          0   of 5  
task29  : test4                          5   of 5  
task29  : test5                          0   of 5  
task29  : test6                          5   of 5  
-------------------------------------------------
CS240 - Midterm 1: emptyLineCount. fshafi Mon Feb 6 14:23:33 EST 2017  Total:  15 of 30



-------------------------------------------------
CS240 Midterm 1: emptyLineCount. fshafi   
Mon Feb  6 14:25:33 EST 2017
-------------------------------------------------
task29  : test1                          5   of 5  
task29  : test2                          0   of 5  
task29  : test3                          0   of 5  
task29  : test4                          5   of 5  
task29  : test5                          0   of 5  
task29  : test6                          5   of 5  
-------------------------------------------------
CS240 - Midterm 1: emptyLineCount. fshafi Mon Feb 6 14:25:33 EST 2017  Total:  15 of 30



-------------------------------------------------
CS240 Midterm 1: emptyLineCount. fshafi   
Mon Feb  6 14:31:13 EST 2017
-------------------------------------------------
task29  : test1                          5   of 5  
task29  : test2                          0   of 5  
task29  : test3                          0   of 5  
task29  : test4                          5   of 5  
task29  : test5                          0   of 5  
task29  : test6                          5   of 5  
-------------------------------------------------
CS240 - Midterm 1: emptyLineCount. fshafi Mon Feb 6 14:31:13 EST 2017  Total:  15 of 30



-------------------------------------------------
CS240 Midterm 1: emptyLineCount. fshafi   
Mon Feb  6 14:32:22 EST 2017
-------------------------------------------------
task29  : test1                          5   of 5  
task29  : test2                          0   of 5  
task29  : test3                          0   of 5  
task29  : test4                          5   of 5  
task29  : test5                          0   of 5  
task29  : test6                          5   of 5  
-------------------------------------------------
CS240 - Midterm 1: emptyLineCount. fshafi Mon Feb 6 14:32:22 EST 2017  Total:  15 of 30



-------------------------------------------------
CS240 Midterm 1: emptyLineCount. fshafi   
Tue Feb  7 16:44:00 EST 2017
-------------------------------------------------
task29  : test1                          5   of 5  
task29  : test2                          0   of 5  
task29  : test3                          0   of 5  
task29  : test4                          5   of 5  
task29  : test5                          0   of 5  
task29  : test6                          5   of 5  
-------------------------------------------------
CS240 - Midterm 1: emptyLineCount. fshafi Tue Feb 7 16:44:00 EST 2017  Total:  15 of 30



-------------------------------------------------
CS240 Midterm 1: emptyLineCount. fshafi   
Tue Feb  7 17:07:04 EST 2017
-------------------------------------------------
task29  : test1                          5   of 5  
task29  : test2                          5   of 5  
task29  : test3                          5   of 5  
task29  : test4                          5   of 5  
task29  : test5                          5   of 5  
task29  : test6                          5   of 5  
-------------------------------------------------
CS240 - Midterm 1: emptyLineCount. fshafi Tue Feb 7 17:07:04 EST 2017  Total:  30 of 30



-------------------------------------------------
CS240 Midterm 1: emptyLineCount. fshafi   
Tue Feb  7 21:41:22 EST 2017
-------------------------------------------------
task29  : test1                          5   of 5  
task29  : test2                          5   of 5  
task29  : test3                          5   of 5  
task29  : test4                          5   of 5  
task29  : test5                          5   of 5  
task29  : test6                          5   of 5  
-------------------------------------------------
CS240 - Midterm 1: emptyLineCount. fshafi Tue Feb 7 21:41:22 EST 2017  Total:  30 of 30



-------------------------------------------------
CS240 Midterm 1: emptyLineCount. fshafi   
Wed Feb  8 14:10:35 EST 2017
-------------------------------------------------
task29  : test1                          5   of 5  
task29  : test2                          5   of 5  
task29  : test3                          5   of 5  
task29  : test4                          5   of 5  
task29  : test5                          5   of 5  
task29  : test6                          5   of 5  
-------------------------------------------------
CS240 - Midterm 1: emptyLineCount. fshafi Wed Feb 8 14:10:35 EST 2017  Total:  30 of 30



-------------------------------------------------
CS240 Midterm 1: emptyLineCount. fshafi   
Wed Feb  8 14:34:46 EST 2017
-------------------------------------------------
task29  : test1                          5   of 5  
task29  : test2                          5   of 5  
task29  : test3                          5   of 5  
task29  : test4                          5   of 5  
task29  : test5                          5   of 5  
task29  : test6                          5   of 5  
-------------------------------------------------
CS240 - Midterm 1: emptyLineCount. fshafi Wed Feb 8 14:34:46 EST 2017  Total:  30 of 30

